0 verbose cli /opt/homebrew/Cellar/node/23.7.0/bin/node /opt/homebrew/bin/npm
1 info using npm@10.9.2
2 info using node@v23.7.0
3 silly config load:file:/opt/homebrew/lib/node_modules/npm/npmrc
4 silly config load:file:/Users/gc/pent_up/backend/.npmrc
5 silly config load:file:/Users/gc/.npmrc
6 silly config load:file:/opt/homebrew/etc/npmrc
7 verbose title npm install
8 verbose argv "install" "--no-audit" "--no-fund" "--loglevel" "silent"
9 verbose logfile logs-max:10 dir:/Users/gc/pent_up/backend/.npm-cache/_logs/2025-10-24T22_14_58_442Z-
10 verbose logfile /Users/gc/pent_up/backend/.npm-cache/_logs/2025-10-24T22_14_58_442Z-debug-0.log
11 silly logfile done cleaning log files
12 silly packumentCache heap:4345298944 maxSize:1086324736 maxEntrySize:543162368
13 silly idealTree buildDeps
14 silly fetch manifest ts-node-dev@^2.0.0
15 silly packumentCache full:https://registry.npmjs.org/ts-node-dev cache-miss
16 http fetch GET 200 https://registry.npmjs.org/ts-node-dev 174ms (cache miss)
17 silly packumentCache full:https://registry.npmjs.org/ts-node-dev set size:undefined disposed:false
18 silly fetch manifest node-notifier@*
19 silly packumentCache full:https://registry.npmjs.org/node-notifier cache-miss
20 http fetch GET 200 https://registry.npmjs.org/node-notifier 52ms (cache miss)
21 silly packumentCache full:https://registry.npmjs.org/node-notifier set size:undefined disposed:false
22 silly fetch manifest typescript@^5.6.3
23 silly packumentCache full:https://registry.npmjs.org/typescript cache-miss
24 http fetch GET 200 https://registry.npmjs.org/npm 286ms
25 http fetch GET 200 https://registry.npmjs.org/typescript 262ms (cache miss)
26 silly packumentCache full:https://registry.npmjs.org/typescript set size:undefined disposed:false
27 silly placeDep ROOT ts-node-dev@2.0.0 OK for: backend@1.0.0 want: ^2.0.0
28 silly placeDep ROOT typescript@5.9.3 OK for: ts-node-dev@2.0.0 want: *
29 silly fetch manifest chokidar@^3.5.1
30 silly packumentCache full:https://registry.npmjs.org/chokidar cache-miss
31 silly fetch manifest dynamic-dedupe@^0.3.0
32 silly packumentCache full:https://registry.npmjs.org/dynamic-dedupe cache-miss
33 silly fetch manifest minimist@^1.2.6
34 silly packumentCache full:https://registry.npmjs.org/minimist cache-miss
35 silly fetch manifest mkdirp@^1.0.4
36 silly packumentCache full:https://registry.npmjs.org/mkdirp cache-miss
37 silly fetch manifest resolve@^1.0.0
38 silly packumentCache full:https://registry.npmjs.org/resolve cache-miss
39 silly fetch manifest rimraf@^2.6.1
40 silly packumentCache full:https://registry.npmjs.org/rimraf cache-miss
41 silly fetch manifest source-map-support@^0.5.12
42 silly packumentCache full:https://registry.npmjs.org/source-map-support cache-miss
43 http fetch GET 200 https://registry.npmjs.org/dynamic-dedupe 55ms (cache miss)
44 silly packumentCache full:https://registry.npmjs.org/dynamic-dedupe set size:undefined disposed:false
45 silly fetch manifest tree-kill@^1.2.2
46 silly packumentCache full:https://registry.npmjs.org/tree-kill cache-miss
47 http fetch GET 200 https://registry.npmjs.org/chokidar 63ms (cache miss)
48 silly packumentCache full:https://registry.npmjs.org/chokidar set size:undefined disposed:false
49 silly fetch manifest ts-node@^10.4.0
50 silly packumentCache full:https://registry.npmjs.org/ts-node cache-miss
51 http fetch GET 200 https://registry.npmjs.org/tree-kill 50ms (cache miss)
52 silly packumentCache full:https://registry.npmjs.org/tree-kill set size:undefined disposed:false
53 silly fetch manifest tsconfig@^7.0.0
54 silly packumentCache full:https://registry.npmjs.org/tsconfig cache-miss
55 http fetch GET 200 https://registry.npmjs.org/ts-node 69ms (cache miss)
56 silly packumentCache full:https://registry.npmjs.org/ts-node set size:undefined disposed:false
57 http fetch GET 200 https://registry.npmjs.org/tsconfig 41ms (cache miss)
58 silly packumentCache full:https://registry.npmjs.org/tsconfig set size:undefined disposed:false
59 http fetch GET 200 https://registry.npmjs.org/resolve 181ms (cache miss)
60 silly packumentCache full:https://registry.npmjs.org/resolve set size:undefined disposed:false
61 http fetch GET 200 https://registry.npmjs.org/mkdirp 185ms (cache miss)
62 silly packumentCache full:https://registry.npmjs.org/mkdirp set size:undefined disposed:false
63 http fetch GET 200 https://registry.npmjs.org/minimist 201ms (cache miss)
64 silly packumentCache full:https://registry.npmjs.org/minimist set size:undefined disposed:false
65 http fetch GET 200 https://registry.npmjs.org/source-map-support 201ms (cache miss)
66 silly packumentCache full:https://registry.npmjs.org/source-map-support set size:undefined disposed:false
67 http fetch GET 200 https://registry.npmjs.org/rimraf 207ms (cache miss)
68 silly packumentCache full:https://registry.npmjs.org/rimraf set size:undefined disposed:false
69 silly fetch manifest @swc/core@>=1.2.50
70 silly packumentCache full:https://registry.npmjs.org/@swc%2fcore cache-miss
71 http fetch GET 200 https://registry.npmjs.org/@swc%2fcore 132ms (cache miss)
72 silly packumentCache full:https://registry.npmjs.org/@swc%2fcore set size:undefined disposed:false
73 silly fetch manifest @swc/helpers@>=0.5.17
74 silly packumentCache full:https://registry.npmjs.org/@swc%2fhelpers cache-miss
75 http fetch GET 200 https://registry.npmjs.org/@swc%2fhelpers 101ms (cache miss)
76 silly packumentCache full:https://registry.npmjs.org/@swc%2fhelpers set size:undefined disposed:false
77 silly fetch manifest @swc/wasm@>=1.2.50
78 silly packumentCache full:https://registry.npmjs.org/@swc%2fwasm cache-miss
79 http fetch GET 200 https://registry.npmjs.org/@swc%2fwasm 137ms (cache miss)
80 silly packumentCache full:https://registry.npmjs.org/@swc%2fwasm set size:undefined disposed:false
81 silly fetch manifest @types/node@*
82 silly packumentCache full:https://registry.npmjs.org/@types%2fnode cache-miss
83 http fetch GET 200 https://registry.npmjs.org/@types%2fnode 165ms (cache miss)
84 silly packumentCache full:https://registry.npmjs.org/@types%2fnode set size:undefined disposed:false
85 silly fetch manifest typescript@*
86 silly packumentCache full:https://registry.npmjs.org/typescript cache-miss
87 http cache https://registry.npmjs.org/typescript 16ms (cache hit)
88 silly packumentCache full:https://registry.npmjs.org/typescript set size:14817724 disposed:false
89 silly placeDep ROOT chokidar@3.6.0 OK for: ts-node-dev@2.0.0 want: ^3.5.1
90 silly placeDep ROOT dynamic-dedupe@0.3.0 OK for: ts-node-dev@2.0.0 want: ^0.3.0
91 silly placeDep ROOT minimist@1.2.8 OK for: ts-node-dev@2.0.0 want: ^1.2.6
92 silly placeDep ROOT mkdirp@1.0.4 OK for: ts-node-dev@2.0.0 want: ^1.0.4
93 silly placeDep ROOT resolve@1.22.11 OK for: ts-node-dev@2.0.0 want: ^1.0.0
94 silly placeDep ROOT rimraf@2.7.1 OK for: ts-node-dev@2.0.0 want: ^2.6.1
95 silly placeDep ROOT source-map-support@0.5.21 OK for: ts-node-dev@2.0.0 want: ^0.5.12
96 silly placeDep ROOT tree-kill@1.2.2 OK for: ts-node-dev@2.0.0 want: ^1.2.2
97 silly placeDep ROOT ts-node@10.9.2 OK for: ts-node-dev@2.0.0 want: ^10.4.0
98 silly placeDep ROOT tsconfig@7.0.0 OK for: ts-node-dev@2.0.0 want: ^7.0.0
99 silly fetch manifest braces@~3.0.2
100 silly packumentCache full:https://registry.npmjs.org/braces cache-miss
101 silly fetch manifest is-glob@~4.0.1
102 silly packumentCache full:https://registry.npmjs.org/is-glob cache-miss
103 silly fetch manifest anymatch@~3.1.2
104 silly packumentCache full:https://registry.npmjs.org/anymatch cache-miss
105 silly fetch manifest readdirp@~3.6.0
106 silly packumentCache full:https://registry.npmjs.org/readdirp cache-miss
107 silly fetch manifest glob-parent@~5.1.2
108 silly packumentCache full:https://registry.npmjs.org/glob-parent cache-miss
109 silly fetch manifest is-binary-path@~2.1.0
110 silly packumentCache full:https://registry.npmjs.org/is-binary-path cache-miss
111 silly fetch manifest normalize-path@~3.0.0
112 silly packumentCache full:https://registry.npmjs.org/normalize-path cache-miss
113 http fetch GET 200 https://registry.npmjs.org/normalize-path 52ms (cache miss)
114 silly packumentCache full:https://registry.npmjs.org/normalize-path set size:undefined disposed:false
115 silly fetch manifest fsevents@~2.3.2
116 silly packumentCache full:https://registry.npmjs.org/fsevents cache-miss
117 http fetch GET 200 https://registry.npmjs.org/readdirp 53ms (cache miss)
118 silly packumentCache full:https://registry.npmjs.org/readdirp set size:undefined disposed:false
119 silly fetch manifest xtend@^4.0.0
120 silly packumentCache full:https://registry.npmjs.org/xtend cache-miss
121 http fetch GET 200 https://registry.npmjs.org/glob-parent 54ms (cache miss)
122 silly packumentCache full:https://registry.npmjs.org/glob-parent set size:undefined disposed:false
123 silly fetch manifest is-core-module@^2.16.1
124 silly packumentCache full:https://registry.npmjs.org/is-core-module cache-miss
125 http fetch GET 200 https://registry.npmjs.org/braces 56ms (cache miss)
126 silly packumentCache full:https://registry.npmjs.org/braces set size:undefined disposed:false
127 silly fetch manifest path-parse@^1.0.7
128 silly packumentCache full:https://registry.npmjs.org/path-parse cache-miss
129 http fetch GET 200 https://registry.npmjs.org/anymatch 59ms (cache miss)
130 silly packumentCache full:https://registry.npmjs.org/anymatch set size:undefined disposed:false
131 silly fetch manifest supports-preserve-symlinks-flag@^1.0.0
132 silly packumentCache full:https://registry.npmjs.org/supports-preserve-symlinks-flag cache-miss
133 http fetch GET 200 https://registry.npmjs.org/is-glob 60ms (cache miss)
134 silly packumentCache full:https://registry.npmjs.org/is-glob set size:undefined disposed:false
135 silly fetch manifest glob@^7.1.3
136 silly packumentCache full:https://registry.npmjs.org/glob cache-miss
137 http fetch GET 200 https://registry.npmjs.org/is-binary-path 70ms (cache miss)
138 silly packumentCache full:https://registry.npmjs.org/is-binary-path set size:undefined disposed:false
139 silly fetch manifest buffer-from@^1.0.0
140 silly packumentCache full:https://registry.npmjs.org/buffer-from cache-miss
141 http fetch GET 200 https://registry.npmjs.org/path-parse 51ms (cache miss)
142 silly packumentCache full:https://registry.npmjs.org/path-parse set size:undefined disposed:false
143 silly fetch manifest source-map@^0.6.0
144 silly packumentCache full:https://registry.npmjs.org/source-map cache-miss
145 http fetch GET 200 https://registry.npmjs.org/is-core-module 54ms (cache miss)
146 silly packumentCache full:https://registry.npmjs.org/is-core-module set size:undefined disposed:false
147 silly fetch manifest yn@3.1.1
148 silly packumentCache full:https://registry.npmjs.org/yn cache-miss
149 http fetch GET 200 https://registry.npmjs.org/fsevents 59ms (cache miss)
150 silly packumentCache full:https://registry.npmjs.org/fsevents set size:undefined disposed:false
151 silly fetch manifest arg@^4.1.0
152 silly packumentCache full:https://registry.npmjs.org/arg cache-miss
153 http fetch GET 200 https://registry.npmjs.org/xtend 59ms (cache miss)
154 silly packumentCache full:https://registry.npmjs.org/xtend set size:undefined disposed:false
155 silly fetch manifest diff@^4.0.1
156 silly packumentCache full:https://registry.npmjs.org/diff cache-miss
157 http fetch GET 200 https://registry.npmjs.org/supports-preserve-symlinks-flag 57ms (cache miss)
158 silly packumentCache full:https://registry.npmjs.org/supports-preserve-symlinks-flag set size:undefined disposed:false
159 silly fetch manifest acorn@^8.4.1
160 silly packumentCache full:https://registry.npmjs.org/acorn cache-miss
161 http fetch GET 200 https://registry.npmjs.org/glob 60ms (cache miss)
162 silly packumentCache full:https://registry.npmjs.org/glob set size:undefined disposed:false
163 silly fetch manifest acorn-walk@^8.1.1
164 silly packumentCache full:https://registry.npmjs.org/acorn-walk cache-miss
165 http fetch GET 200 https://registry.npmjs.org/buffer-from 61ms (cache miss)
166 silly packumentCache full:https://registry.npmjs.org/buffer-from set size:undefined disposed:false
167 silly fetch manifest make-error@^1.1.1
168 silly packumentCache full:https://registry.npmjs.org/make-error cache-miss
169 http fetch GET 200 https://registry.npmjs.org/yn 49ms (cache miss)
170 silly packumentCache full:https://registry.npmjs.org/yn set size:undefined disposed:false
171 silly fetch manifest create-require@^1.1.0
172 silly packumentCache full:https://registry.npmjs.org/create-require cache-miss
173 http fetch GET 200 https://registry.npmjs.org/arg 48ms (cache miss)
174 silly packumentCache full:https://registry.npmjs.org/arg set size:undefined disposed:false
175 silly fetch manifest @tsconfig/node10@^1.0.7
176 silly packumentCache full:https://registry.npmjs.org/@tsconfig%2fnode10 cache-miss
177 http fetch GET 200 https://registry.npmjs.org/diff 48ms (cache miss)
178 silly packumentCache full:https://registry.npmjs.org/diff set size:undefined disposed:false
179 silly fetch manifest @tsconfig/node12@^1.0.7
180 silly packumentCache full:https://registry.npmjs.org/@tsconfig%2fnode12 cache-miss
181 http fetch GET 200 https://registry.npmjs.org/acorn-walk 50ms (cache miss)
182 silly packumentCache full:https://registry.npmjs.org/acorn-walk set size:undefined disposed:false
183 silly fetch manifest @tsconfig/node14@^1.0.0
184 silly packumentCache full:https://registry.npmjs.org/@tsconfig%2fnode14 cache-miss
185 http fetch GET 200 https://registry.npmjs.org/acorn 79ms (cache miss)
186 silly packumentCache full:https://registry.npmjs.org/acorn set size:undefined disposed:false
187 silly fetch manifest @tsconfig/node16@^1.0.2
188 silly packumentCache full:https://registry.npmjs.org/@tsconfig%2fnode16 cache-miss
189 http fetch GET 200 https://registry.npmjs.org/source-map 94ms (cache miss)
190 silly packumentCache full:https://registry.npmjs.org/source-map set size:undefined disposed:false
191 silly fetch manifest v8-compile-cache-lib@^3.0.1
192 silly packumentCache full:https://registry.npmjs.org/v8-compile-cache-lib cache-miss
193 http fetch GET 200 https://registry.npmjs.org/create-require 48ms (cache miss)
194 silly packumentCache full:https://registry.npmjs.org/create-require set size:undefined disposed:false
195 silly fetch manifest @cspotcode/source-map-support@^0.8.0
196 silly packumentCache full:https://registry.npmjs.org/@cspotcode%2fsource-map-support cache-miss
197 http fetch GET 200 https://registry.npmjs.org/make-error 76ms (cache miss)
198 silly packumentCache full:https://registry.npmjs.org/make-error set size:undefined disposed:false
199 silly fetch manifest @types/strip-bom@^3.0.0
200 silly packumentCache full:https://registry.npmjs.org/@types%2fstrip-bom cache-miss
201 http fetch GET 200 https://registry.npmjs.org/@tsconfig%2fnode10 64ms (cache miss)
202 silly packumentCache full:https://registry.npmjs.org/@tsconfig%2fnode10 set size:undefined disposed:false
203 silly fetch manifest @types/strip-json-comments@0.0.30
204 silly packumentCache full:https://registry.npmjs.org/@types%2fstrip-json-comments cache-miss
205 http fetch GET 200 https://registry.npmjs.org/@tsconfig%2fnode14 65ms (cache miss)
206 silly packumentCache full:https://registry.npmjs.org/@tsconfig%2fnode14 set size:undefined disposed:false
207 silly fetch manifest strip-bom@^3.0.0
208 silly packumentCache full:https://registry.npmjs.org/strip-bom cache-miss
209 http fetch GET 200 https://registry.npmjs.org/@tsconfig%2fnode12 78ms (cache miss)
210 silly packumentCache full:https://registry.npmjs.org/@tsconfig%2fnode12 set size:undefined disposed:false
211 silly fetch manifest strip-json-comments@^2.0.0
212 silly packumentCache full:https://registry.npmjs.org/strip-json-comments cache-miss
213 http fetch GET 200 https://registry.npmjs.org/v8-compile-cache-lib 68ms (cache miss)
214 silly packumentCache full:https://registry.npmjs.org/v8-compile-cache-lib set size:undefined disposed:false
215 http fetch GET 200 https://registry.npmjs.org/strip-bom 53ms (cache miss)
216 silly packumentCache full:https://registry.npmjs.org/strip-bom set size:undefined disposed:false
217 http fetch GET 200 https://registry.npmjs.org/@tsconfig%2fnode16 95ms (cache miss)
218 silly packumentCache full:https://registry.npmjs.org/@tsconfig%2fnode16 set size:undefined disposed:false
219 http fetch GET 200 https://registry.npmjs.org/strip-json-comments 58ms (cache miss)
220 silly packumentCache full:https://registry.npmjs.org/strip-json-comments set size:undefined disposed:false
221 http fetch GET 200 https://registry.npmjs.org/@cspotcode%2fsource-map-support 110ms (cache miss)
222 silly packumentCache full:https://registry.npmjs.org/@cspotcode%2fsource-map-support set size:undefined disposed:false
223 http fetch GET 200 https://registry.npmjs.org/@types%2fstrip-bom 109ms (cache miss)
224 silly packumentCache full:https://registry.npmjs.org/@types%2fstrip-bom set size:undefined disposed:false
225 http fetch GET 200 https://registry.npmjs.org/@types%2fstrip-json-comments 105ms (cache miss)
226 silly packumentCache full:https://registry.npmjs.org/@types%2fstrip-json-comments set size:undefined disposed:false
227 silly placeDep ROOT anymatch@3.1.3 OK for: chokidar@3.6.0 want: ~3.1.2
228 silly placeDep ROOT braces@3.0.3 OK for: chokidar@3.6.0 want: ~3.0.2
229 silly placeDep ROOT fsevents@2.3.3 OK for: chokidar@3.6.0 want: ~2.3.2
230 silly placeDep ROOT glob-parent@5.1.2 OK for: chokidar@3.6.0 want: ~5.1.2
231 silly placeDep ROOT is-binary-path@2.1.0 OK for: chokidar@3.6.0 want: ~2.1.0
232 silly placeDep ROOT is-glob@4.0.3 OK for: chokidar@3.6.0 want: ~4.0.1
233 silly placeDep ROOT normalize-path@3.0.0 OK for: chokidar@3.6.0 want: ~3.0.0
234 silly placeDep ROOT readdirp@3.6.0 OK for: chokidar@3.6.0 want: ~3.6.0
235 silly fetch manifest picomatch@^2.0.4
236 silly packumentCache full:https://registry.npmjs.org/picomatch cache-miss
237 silly fetch manifest normalize-path@^3.0.0
238 silly packumentCache full:https://registry.npmjs.org/normalize-path cache-miss
239 silly fetch manifest fill-range@^7.1.1
240 silly packumentCache full:https://registry.npmjs.org/fill-range cache-miss
241 silly fetch manifest is-glob@^4.0.1
242 silly packumentCache full:https://registry.npmjs.org/is-glob cache-miss
243 silly fetch manifest binary-extensions@^2.0.0
244 silly packumentCache full:https://registry.npmjs.org/binary-extensions cache-miss
245 silly fetch manifest is-extglob@^2.1.1
246 silly packumentCache full:https://registry.npmjs.org/is-extglob cache-miss
247 silly fetch manifest picomatch@^2.2.1
248 silly packumentCache full:https://registry.npmjs.org/picomatch cache-miss
249 http cache https://registry.npmjs.org/normalize-path 7ms (cache hit)
250 silly packumentCache full:https://registry.npmjs.org/normalize-path set size:28713 disposed:false
251 http cache https://registry.npmjs.org/is-glob 7ms (cache hit)
252 silly packumentCache full:https://registry.npmjs.org/is-glob set size:40530 disposed:false
253 http fetch GET 200 https://registry.npmjs.org/picomatch 57ms (cache miss)
254 silly packumentCache full:https://registry.npmjs.org/picomatch set size:undefined disposed:false
255 http fetch GET 200 https://registry.npmjs.org/is-extglob 62ms (cache miss)
256 silly packumentCache full:https://registry.npmjs.org/is-extglob set size:undefined disposed:false
257 http fetch GET 200 https://registry.npmjs.org/picomatch 62ms (cache miss)
258 silly packumentCache full:https://registry.npmjs.org/picomatch set size:undefined disposed:false
259 http fetch GET 200 https://registry.npmjs.org/fill-range 71ms (cache miss)
260 silly packumentCache full:https://registry.npmjs.org/fill-range set size:undefined disposed:false
261 http fetch GET 200 https://registry.npmjs.org/binary-extensions 76ms (cache miss)
262 silly packumentCache full:https://registry.npmjs.org/binary-extensions set size:undefined disposed:false
263 silly placeDep ROOT picomatch@2.3.1 OK for: anymatch@3.1.3 want: ^2.0.4
264 silly placeDep ROOT fill-range@7.1.1 OK for: braces@3.0.3 want: ^7.1.1
265 silly fetch manifest to-regex-range@^5.0.1
266 silly packumentCache full:https://registry.npmjs.org/to-regex-range cache-miss
267 http fetch GET 200 https://registry.npmjs.org/to-regex-range 46ms (cache miss)
268 silly packumentCache full:https://registry.npmjs.org/to-regex-range set size:undefined disposed:false
269 silly placeDep ROOT xtend@4.0.2 OK for: dynamic-dedupe@0.3.0 want: ^4.0.0
270 silly placeDep ROOT to-regex-range@5.0.1 OK for: fill-range@7.1.1 want: ^5.0.1
271 silly fetch manifest is-number@^7.0.0
272 silly packumentCache full:https://registry.npmjs.org/is-number cache-miss
273 http fetch GET 200 https://registry.npmjs.org/is-number 49ms (cache miss)
274 silly packumentCache full:https://registry.npmjs.org/is-number set size:undefined disposed:false
275 silly placeDep ROOT binary-extensions@2.3.0 OK for: is-binary-path@2.1.0 want: ^2.0.0
276 silly placeDep ROOT is-extglob@2.1.1 OK for: is-glob@4.0.3 want: ^2.1.1
277 silly placeDep ROOT is-core-module@2.16.1 OK for: resolve@1.22.11 want: ^2.16.1
278 silly placeDep ROOT path-parse@1.0.7 OK for: resolve@1.22.11 want: ^1.0.7
279 silly placeDep ROOT supports-preserve-symlinks-flag@1.0.0 OK for: resolve@1.22.11 want: ^1.0.0
280 silly placeDep ROOT glob@7.2.3 OK for: rimraf@2.7.1 want: ^7.1.3
281 silly fetch manifest inflight@^1.0.4
282 silly packumentCache full:https://registry.npmjs.org/inflight cache-miss
283 silly fetch manifest minimatch@^3.1.1
284 silly packumentCache full:https://registry.npmjs.org/minimatch cache-miss
285 silly fetch manifest fs.realpath@^1.0.0
286 silly packumentCache full:https://registry.npmjs.org/fs.realpath cache-miss
287 silly fetch manifest path-is-absolute@^1.0.0
288 silly packumentCache full:https://registry.npmjs.org/path-is-absolute cache-miss
289 http fetch GET 200 https://registry.npmjs.org/fs.realpath 45ms (cache miss)
290 silly packumentCache full:https://registry.npmjs.org/fs.realpath set size:undefined disposed:false
291 http fetch GET 200 https://registry.npmjs.org/inflight 47ms (cache miss)
292 silly packumentCache full:https://registry.npmjs.org/inflight set size:undefined disposed:false
293 http fetch GET 200 https://registry.npmjs.org/minimatch 48ms (cache miss)
294 silly packumentCache full:https://registry.npmjs.org/minimatch set size:undefined disposed:false
295 http fetch GET 200 https://registry.npmjs.org/path-is-absolute 57ms (cache miss)
296 silly packumentCache full:https://registry.npmjs.org/path-is-absolute set size:undefined disposed:false
297 silly placeDep ROOT fs.realpath@1.0.0 OK for: glob@7.2.3 want: ^1.0.0
298 silly placeDep ROOT inflight@1.0.6 OK for: glob@7.2.3 want: ^1.0.4
299 silly placeDep ROOT minimatch@3.1.2 OK for: glob@7.2.3 want: ^3.1.1
300 silly placeDep ROOT path-is-absolute@1.0.1 OK for: glob@7.2.3 want: ^1.0.0
301 silly fetch manifest brace-expansion@^1.1.7
302 silly packumentCache full:https://registry.npmjs.org/brace-expansion cache-miss
303 http fetch GET 200 https://registry.npmjs.org/brace-expansion 56ms (cache miss)
304 silly packumentCache full:https://registry.npmjs.org/brace-expansion set size:undefined disposed:false
305 silly placeDep ROOT brace-expansion@1.1.12 OK for: minimatch@3.1.2 want: ^1.1.7
306 silly fetch manifest balanced-match@^1.0.0
307 silly packumentCache full:https://registry.npmjs.org/balanced-match cache-miss
308 silly fetch manifest concat-map@0.0.1
309 silly packumentCache full:https://registry.npmjs.org/concat-map cache-miss
310 http fetch GET 200 https://registry.npmjs.org/concat-map 52ms (cache miss)
311 silly packumentCache full:https://registry.npmjs.org/concat-map set size:undefined disposed:false
312 http fetch GET 200 https://registry.npmjs.org/balanced-match 61ms (cache miss)
313 silly packumentCache full:https://registry.npmjs.org/balanced-match set size:undefined disposed:false
314 silly placeDep ROOT balanced-match@1.0.2 OK for: brace-expansion@1.1.12 want: ^1.0.0
315 silly placeDep ROOT concat-map@0.0.1 OK for: brace-expansion@1.1.12 want: 0.0.1
316 silly placeDep ROOT buffer-from@1.1.2 OK for: source-map-support@0.5.21 want: ^1.0.0
317 silly placeDep ROOT source-map@0.6.1 OK for: source-map-support@0.5.21 want: ^0.6.0
318 silly placeDep ROOT is-number@7.0.0 OK for: to-regex-range@5.0.1 want: ^7.0.0
319 silly placeDep ROOT @cspotcode/source-map-support@0.8.1 OK for: ts-node@10.9.2 want: ^0.8.0
320 silly placeDep ROOT @tsconfig/node10@1.0.11 OK for: ts-node@10.9.2 want: ^1.0.7
321 silly placeDep ROOT @tsconfig/node12@1.0.11 OK for: ts-node@10.9.2 want: ^1.0.7
322 silly placeDep ROOT @tsconfig/node14@1.0.3 OK for: ts-node@10.9.2 want: ^1.0.0
323 silly placeDep ROOT @tsconfig/node16@1.0.4 OK for: ts-node@10.9.2 want: ^1.0.2
324 silly placeDep ROOT acorn@8.15.0 OK for: ts-node@10.9.2 want: ^8.4.1
325 silly placeDep ROOT acorn-walk@8.3.4 OK for: ts-node@10.9.2 want: ^8.1.1
326 silly placeDep ROOT arg@4.1.3 OK for: ts-node@10.9.2 want: ^4.1.0
327 silly placeDep ROOT create-require@1.1.1 OK for: ts-node@10.9.2 want: ^1.1.0
328 silly placeDep ROOT diff@4.0.2 OK for: ts-node@10.9.2 want: ^4.0.1
329 silly placeDep ROOT make-error@1.3.6 OK for: ts-node@10.9.2 want: ^1.1.1
330 silly placeDep ROOT v8-compile-cache-lib@3.0.1 OK for: ts-node@10.9.2 want: ^3.0.1
331 silly placeDep ROOT yn@3.1.1 OK for: ts-node@10.9.2 want: 3.1.1
332 silly fetch manifest @jridgewell/trace-mapping@0.3.9
333 silly packumentCache full:https://registry.npmjs.org/@jridgewell%2ftrace-mapping cache-miss
334 http fetch GET 200 https://registry.npmjs.org/@jridgewell%2ftrace-mapping 82ms (cache miss)
335 silly packumentCache full:https://registry.npmjs.org/@jridgewell%2ftrace-mapping set size:undefined disposed:false
336 silly placeDep ROOT @jridgewell/trace-mapping@0.3.9 OK for: @cspotcode/source-map-support@0.8.1 want: 0.3.9
337 silly fetch manifest @jridgewell/resolve-uri@^3.0.3
338 silly packumentCache full:https://registry.npmjs.org/@jridgewell%2fresolve-uri cache-miss
339 silly fetch manifest @jridgewell/sourcemap-codec@^1.4.10
340 silly packumentCache full:https://registry.npmjs.org/@jridgewell%2fsourcemap-codec cache-miss
341 http fetch GET 200 https://registry.npmjs.org/@jridgewell%2fresolve-uri 74ms (cache miss)
342 silly packumentCache full:https://registry.npmjs.org/@jridgewell%2fresolve-uri set size:undefined disposed:false
343 http fetch GET 200 https://registry.npmjs.org/@jridgewell%2fsourcemap-codec 157ms (cache miss)
344 silly packumentCache full:https://registry.npmjs.org/@jridgewell%2fsourcemap-codec set size:undefined disposed:false
345 silly placeDep ROOT @jridgewell/resolve-uri@3.1.2 OK for: @jridgewell/trace-mapping@0.3.9 want: ^3.0.3
346 silly placeDep ROOT @jridgewell/sourcemap-codec@1.5.5 OK for: @jridgewell/trace-mapping@0.3.9 want: ^1.4.10
347 silly placeDep ROOT @types/strip-bom@3.0.0 OK for: tsconfig@7.0.0 want: ^3.0.0
348 silly placeDep ROOT @types/strip-json-comments@0.0.30 OK for: tsconfig@7.0.0 want: 0.0.30
349 silly placeDep ROOT strip-bom@3.0.0 OK for: tsconfig@7.0.0 want: ^3.0.0
350 silly placeDep ROOT strip-json-comments@2.0.1 OK for: tsconfig@7.0.0 want: ^2.0.0
351 silly reify moves {}
352 http cache strip-json-comments@https://registry.npmjs.org/strip-json-comments/-/strip-json-comments-2.0.1.tgz 0ms (cache hit)
353 http cache @types/strip-bom@https://registry.npmjs.org/@types/strip-bom/-/strip-bom-3.0.0.tgz 0ms (cache hit)
354 http cache @types/strip-json-comments@https://registry.npmjs.org/@types/strip-json-comments/-/strip-json-comments-0.0.30.tgz 0ms (cache hit)
355 http cache strip-bom@https://registry.npmjs.org/strip-bom/-/strip-bom-3.0.0.tgz 0ms (cache hit)
356 http cache @jridgewell/sourcemap-codec@https://registry.npmjs.org/@jridgewell/sourcemap-codec/-/sourcemap-codec-1.5.5.tgz 0ms (cache hit)
357 http cache @jridgewell/trace-mapping@https://registry.npmjs.org/@jridgewell/trace-mapping/-/trace-mapping-0.3.9.tgz 0ms (cache hit)
358 http cache @jridgewell/resolve-uri@https://registry.npmjs.org/@jridgewell/resolve-uri/-/resolve-uri-3.1.2.tgz 0ms (cache hit)
359 http cache yn@https://registry.npmjs.org/yn/-/yn-3.1.1.tgz 0ms (cache hit)
360 http cache v8-compile-cache-lib@https://registry.npmjs.org/v8-compile-cache-lib/-/v8-compile-cache-lib-3.0.1.tgz 0ms (cache hit)
361 http cache make-error@https://registry.npmjs.org/make-error/-/make-error-1.3.6.tgz 0ms (cache hit)
362 http cache diff@https://registry.npmjs.org/diff/-/diff-4.0.2.tgz 0ms (cache hit)
363 http cache create-require@https://registry.npmjs.org/create-require/-/create-require-1.1.1.tgz 0ms (cache hit)
364 http cache arg@https://registry.npmjs.org/arg/-/arg-4.1.3.tgz 0ms (cache hit)
365 http cache acorn-walk@https://registry.npmjs.org/acorn-walk/-/acorn-walk-8.3.4.tgz 0ms (cache hit)
366 http cache acorn@https://registry.npmjs.org/acorn/-/acorn-8.15.0.tgz 0ms (cache hit)
367 http cache @tsconfig/node16@https://registry.npmjs.org/@tsconfig/node16/-/node16-1.0.4.tgz 0ms (cache hit)
368 http cache @tsconfig/node14@https://registry.npmjs.org/@tsconfig/node14/-/node14-1.0.3.tgz 0ms (cache hit)
369 http cache @tsconfig/node12@https://registry.npmjs.org/@tsconfig/node12/-/node12-1.0.11.tgz 0ms (cache hit)
370 http cache @tsconfig/node10@https://registry.npmjs.org/@tsconfig/node10/-/node10-1.0.11.tgz 0ms (cache hit)
371 http cache @cspotcode/source-map-support@https://registry.npmjs.org/@cspotcode/source-map-support/-/source-map-support-0.8.1.tgz 0ms (cache hit)
372 http cache is-number@https://registry.npmjs.org/is-number/-/is-number-7.0.0.tgz 0ms (cache hit)
373 http cache source-map@https://registry.npmjs.org/source-map/-/source-map-0.6.1.tgz 0ms (cache hit)
374 http cache buffer-from@https://registry.npmjs.org/buffer-from/-/buffer-from-1.1.2.tgz 0ms (cache hit)
375 http cache brace-expansion@https://registry.npmjs.org/brace-expansion/-/brace-expansion-1.1.12.tgz 0ms (cache hit)
376 http cache balanced-match@https://registry.npmjs.org/balanced-match/-/balanced-match-1.0.2.tgz 0ms (cache hit)
377 http cache path-is-absolute@https://registry.npmjs.org/path-is-absolute/-/path-is-absolute-1.0.1.tgz 0ms (cache hit)
378 http cache fs.realpath@https://registry.npmjs.org/fs.realpath/-/fs.realpath-1.0.0.tgz 0ms (cache hit)
379 http cache minimatch@https://registry.npmjs.org/minimatch/-/minimatch-3.1.2.tgz 0ms (cache hit)
380 http cache inflight@https://registry.npmjs.org/inflight/-/inflight-1.0.6.tgz 0ms (cache hit)
381 http cache glob@https://registry.npmjs.org/glob/-/glob-7.2.3.tgz 0ms (cache hit)
382 http cache path-parse@https://registry.npmjs.org/path-parse/-/path-parse-1.0.7.tgz 0ms (cache hit)
383 http cache supports-preserve-symlinks-flag@https://registry.npmjs.org/supports-preserve-symlinks-flag/-/supports-preserve-symlinks-flag-1.0.0.tgz 0ms (cache hit)
384 http cache is-core-module@https://registry.npmjs.org/is-core-module/-/is-core-module-2.16.1.tgz 0ms (cache hit)
385 http cache is-extglob@https://registry.npmjs.org/is-extglob/-/is-extglob-2.1.1.tgz 0ms (cache hit)
386 http cache binary-extensions@https://registry.npmjs.org/binary-extensions/-/binary-extensions-2.3.0.tgz 0ms (cache hit)
387 http cache concat-map@https://registry.npmjs.org/concat-map/-/concat-map-0.0.1.tgz 0ms (cache hit)
388 http cache to-regex-range@https://registry.npmjs.org/to-regex-range/-/to-regex-range-5.0.1.tgz 0ms (cache hit)
389 http cache xtend@https://registry.npmjs.org/xtend/-/xtend-4.0.2.tgz 0ms (cache hit)
390 http cache fill-range@https://registry.npmjs.org/fill-range/-/fill-range-7.1.1.tgz 0ms (cache hit)
391 http cache is-glob@https://registry.npmjs.org/is-glob/-/is-glob-4.0.3.tgz 0ms (cache hit)
392 http cache normalize-path@https://registry.npmjs.org/normalize-path/-/normalize-path-3.0.0.tgz 0ms (cache hit)
393 http cache readdirp@https://registry.npmjs.org/readdirp/-/readdirp-3.6.0.tgz 0ms (cache hit)
394 http cache picomatch@https://registry.npmjs.org/picomatch/-/picomatch-2.3.1.tgz 0ms (cache hit)
395 http cache is-binary-path@https://registry.npmjs.org/is-binary-path/-/is-binary-path-2.1.0.tgz 0ms (cache hit)
396 http cache glob-parent@https://registry.npmjs.org/glob-parent/-/glob-parent-5.1.2.tgz 0ms (cache hit)
397 http cache fsevents@https://registry.npmjs.org/fsevents/-/fsevents-2.3.3.tgz 0ms (cache hit)
398 http cache tsconfig@https://registry.npmjs.org/tsconfig/-/tsconfig-7.0.0.tgz 0ms (cache hit)
399 http cache anymatch@https://registry.npmjs.org/anymatch/-/anymatch-3.1.3.tgz 0ms (cache hit)
400 http cache ts-node@https://registry.npmjs.org/ts-node/-/ts-node-10.9.2.tgz 0ms (cache hit)
401 http cache tree-kill@https://registry.npmjs.org/tree-kill/-/tree-kill-1.2.2.tgz 0ms (cache hit)
402 http cache source-map-support@https://registry.npmjs.org/source-map-support/-/source-map-support-0.5.21.tgz 0ms (cache hit)
403 http cache rimraf@https://registry.npmjs.org/rimraf/-/rimraf-2.7.1.tgz 0ms (cache hit)
404 http cache braces@https://registry.npmjs.org/braces/-/braces-3.0.3.tgz 0ms (cache hit)
405 http cache resolve@https://registry.npmjs.org/resolve/-/resolve-1.22.11.tgz 0ms (cache hit)
406 http cache mkdirp@https://registry.npmjs.org/mkdirp/-/mkdirp-1.0.4.tgz 0ms (cache hit)
407 http cache minimist@https://registry.npmjs.org/minimist/-/minimist-1.2.8.tgz 0ms (cache hit)
408 http cache chokidar@https://registry.npmjs.org/chokidar/-/chokidar-3.6.0.tgz 0ms (cache hit)
409 http cache typescript@https://registry.npmjs.org/typescript/-/typescript-5.9.3.tgz 0ms (cache hit)
410 http cache ts-node-dev@https://registry.npmjs.org/ts-node-dev/-/ts-node-dev-2.0.0.tgz 0ms (cache hit)
411 http cache dynamic-dedupe@https://registry.npmjs.org/dynamic-dedupe/-/dynamic-dedupe-0.3.0.tgz 0ms (cache hit)
412 silly tarball no local data for strip-json-comments@https://registry.npmjs.org/strip-json-comments/-/strip-json-comments-2.0.1.tgz. Extracting by manifest.
413 silly tarball no local data for @types/strip-bom@https://registry.npmjs.org/@types/strip-bom/-/strip-bom-3.0.0.tgz. Extracting by manifest.
414 silly tarball no local data for @types/strip-json-comments@https://registry.npmjs.org/@types/strip-json-comments/-/strip-json-comments-0.0.30.tgz. Extracting by manifest.
415 silly tarball no local data for strip-bom@https://registry.npmjs.org/strip-bom/-/strip-bom-3.0.0.tgz. Extracting by manifest.
416 silly tarball no local data for @jridgewell/sourcemap-codec@https://registry.npmjs.org/@jridgewell/sourcemap-codec/-/sourcemap-codec-1.5.5.tgz. Extracting by manifest.
417 silly tarball no local data for @jridgewell/trace-mapping@https://registry.npmjs.org/@jridgewell/trace-mapping/-/trace-mapping-0.3.9.tgz. Extracting by manifest.
418 silly tarball no local data for @jridgewell/resolve-uri@https://registry.npmjs.org/@jridgewell/resolve-uri/-/resolve-uri-3.1.2.tgz. Extracting by manifest.
419 silly tarball no local data for yn@https://registry.npmjs.org/yn/-/yn-3.1.1.tgz. Extracting by manifest.
420 silly tarball no local data for v8-compile-cache-lib@https://registry.npmjs.org/v8-compile-cache-lib/-/v8-compile-cache-lib-3.0.1.tgz. Extracting by manifest.
421 silly tarball no local data for make-error@https://registry.npmjs.org/make-error/-/make-error-1.3.6.tgz. Extracting by manifest.
422 silly tarball no local data for diff@https://registry.npmjs.org/diff/-/diff-4.0.2.tgz. Extracting by manifest.
423 silly tarball no local data for create-require@https://registry.npmjs.org/create-require/-/create-require-1.1.1.tgz. Extracting by manifest.
424 silly tarball no local data for arg@https://registry.npmjs.org/arg/-/arg-4.1.3.tgz. Extracting by manifest.
425 silly tarball no local data for acorn-walk@https://registry.npmjs.org/acorn-walk/-/acorn-walk-8.3.4.tgz. Extracting by manifest.
426 silly tarball no local data for acorn@https://registry.npmjs.org/acorn/-/acorn-8.15.0.tgz. Extracting by manifest.
427 silly tarball no local data for @tsconfig/node16@https://registry.npmjs.org/@tsconfig/node16/-/node16-1.0.4.tgz. Extracting by manifest.
428 silly tarball no local data for @tsconfig/node14@https://registry.npmjs.org/@tsconfig/node14/-/node14-1.0.3.tgz. Extracting by manifest.
429 silly tarball no local data for @tsconfig/node12@https://registry.npmjs.org/@tsconfig/node12/-/node12-1.0.11.tgz. Extracting by manifest.
430 silly tarball no local data for @tsconfig/node10@https://registry.npmjs.org/@tsconfig/node10/-/node10-1.0.11.tgz. Extracting by manifest.
431 silly tarball no local data for @cspotcode/source-map-support@https://registry.npmjs.org/@cspotcode/source-map-support/-/source-map-support-0.8.1.tgz. Extracting by manifest.
432 silly tarball no local data for is-number@https://registry.npmjs.org/is-number/-/is-number-7.0.0.tgz. Extracting by manifest.
433 silly tarball no local data for source-map@https://registry.npmjs.org/source-map/-/source-map-0.6.1.tgz. Extracting by manifest.
434 silly tarball no local data for buffer-from@https://registry.npmjs.org/buffer-from/-/buffer-from-1.1.2.tgz. Extracting by manifest.
435 silly tarball no local data for brace-expansion@https://registry.npmjs.org/brace-expansion/-/brace-expansion-1.1.12.tgz. Extracting by manifest.
436 silly tarball no local data for balanced-match@https://registry.npmjs.org/balanced-match/-/balanced-match-1.0.2.tgz. Extracting by manifest.
437 silly tarball no local data for path-is-absolute@https://registry.npmjs.org/path-is-absolute/-/path-is-absolute-1.0.1.tgz. Extracting by manifest.
438 silly tarball no local data for fs.realpath@https://registry.npmjs.org/fs.realpath/-/fs.realpath-1.0.0.tgz. Extracting by manifest.
439 silly tarball no local data for minimatch@https://registry.npmjs.org/minimatch/-/minimatch-3.1.2.tgz. Extracting by manifest.
440 silly tarball no local data for inflight@https://registry.npmjs.org/inflight/-/inflight-1.0.6.tgz. Extracting by manifest.
441 silly tarball no local data for glob@https://registry.npmjs.org/glob/-/glob-7.2.3.tgz. Extracting by manifest.
442 silly tarball no local data for path-parse@https://registry.npmjs.org/path-parse/-/path-parse-1.0.7.tgz. Extracting by manifest.
443 silly tarball no local data for supports-preserve-symlinks-flag@https://registry.npmjs.org/supports-preserve-symlinks-flag/-/supports-preserve-symlinks-flag-1.0.0.tgz. Extracting by manifest.
444 silly tarball no local data for is-core-module@https://registry.npmjs.org/is-core-module/-/is-core-module-2.16.1.tgz. Extracting by manifest.
445 silly tarball no local data for is-extglob@https://registry.npmjs.org/is-extglob/-/is-extglob-2.1.1.tgz. Extracting by manifest.
446 silly tarball no local data for binary-extensions@https://registry.npmjs.org/binary-extensions/-/binary-extensions-2.3.0.tgz. Extracting by manifest.
447 silly tarball no local data for concat-map@https://registry.npmjs.org/concat-map/-/concat-map-0.0.1.tgz. Extracting by manifest.
448 silly tarball no local data for to-regex-range@https://registry.npmjs.org/to-regex-range/-/to-regex-range-5.0.1.tgz. Extracting by manifest.
449 silly tarball no local data for xtend@https://registry.npmjs.org/xtend/-/xtend-4.0.2.tgz. Extracting by manifest.
450 silly tarball no local data for fill-range@https://registry.npmjs.org/fill-range/-/fill-range-7.1.1.tgz. Extracting by manifest.
451 silly tarball no local data for is-glob@https://registry.npmjs.org/is-glob/-/is-glob-4.0.3.tgz. Extracting by manifest.
452 silly tarball no local data for normalize-path@https://registry.npmjs.org/normalize-path/-/normalize-path-3.0.0.tgz. Extracting by manifest.
453 silly tarball no local data for readdirp@https://registry.npmjs.org/readdirp/-/readdirp-3.6.0.tgz. Extracting by manifest.
454 silly tarball no local data for picomatch@https://registry.npmjs.org/picomatch/-/picomatch-2.3.1.tgz. Extracting by manifest.
455 silly tarball no local data for is-binary-path@https://registry.npmjs.org/is-binary-path/-/is-binary-path-2.1.0.tgz. Extracting by manifest.
456 silly tarball no local data for glob-parent@https://registry.npmjs.org/glob-parent/-/glob-parent-5.1.2.tgz. Extracting by manifest.
457 silly tarball no local data for fsevents@https://registry.npmjs.org/fsevents/-/fsevents-2.3.3.tgz. Extracting by manifest.
458 silly tarball no local data for tsconfig@https://registry.npmjs.org/tsconfig/-/tsconfig-7.0.0.tgz. Extracting by manifest.
459 silly tarball no local data for anymatch@https://registry.npmjs.org/anymatch/-/anymatch-3.1.3.tgz. Extracting by manifest.
460 silly tarball no local data for ts-node@https://registry.npmjs.org/ts-node/-/ts-node-10.9.2.tgz. Extracting by manifest.
461 silly tarball no local data for tree-kill@https://registry.npmjs.org/tree-kill/-/tree-kill-1.2.2.tgz. Extracting by manifest.
462 silly tarball no local data for source-map-support@https://registry.npmjs.org/source-map-support/-/source-map-support-0.5.21.tgz. Extracting by manifest.
463 silly tarball no local data for rimraf@https://registry.npmjs.org/rimraf/-/rimraf-2.7.1.tgz. Extracting by manifest.
464 silly tarball no local data for braces@https://registry.npmjs.org/braces/-/braces-3.0.3.tgz. Extracting by manifest.
465 silly tarball no local data for resolve@https://registry.npmjs.org/resolve/-/resolve-1.22.11.tgz. Extracting by manifest.
466 silly tarball no local data for mkdirp@https://registry.npmjs.org/mkdirp/-/mkdirp-1.0.4.tgz. Extracting by manifest.
467 silly tarball no local data for minimist@https://registry.npmjs.org/minimist/-/minimist-1.2.8.tgz. Extracting by manifest.
468 silly tarball no local data for chokidar@https://registry.npmjs.org/chokidar/-/chokidar-3.6.0.tgz. Extracting by manifest.
469 silly tarball no local data for typescript@https://registry.npmjs.org/typescript/-/typescript-5.9.3.tgz. Extracting by manifest.
470 silly tarball no local data for ts-node-dev@https://registry.npmjs.org/ts-node-dev/-/ts-node-dev-2.0.0.tgz. Extracting by manifest.
471 silly tarball no local data for dynamic-dedupe@https://registry.npmjs.org/dynamic-dedupe/-/dynamic-dedupe-0.3.0.tgz. Extracting by manifest.
472 http fetch GET 200 https://registry.npmjs.org/strip-json-comments/-/strip-json-comments-2.0.1.tgz 70ms (cache miss)
473 http fetch GET 200 https://registry.npmjs.org/@types/strip-json-comments/-/strip-json-comments-0.0.30.tgz 69ms (cache miss)
474 http fetch GET 200 https://registry.npmjs.org/@types/strip-bom/-/strip-bom-3.0.0.tgz 82ms (cache miss)
475 http fetch GET 200 https://registry.npmjs.org/strip-bom/-/strip-bom-3.0.0.tgz 82ms (cache miss)
476 http fetch GET 200 https://registry.npmjs.org/@jridgewell/sourcemap-codec/-/sourcemap-codec-1.5.5.tgz 84ms (cache miss)
477 http fetch GET 200 https://registry.npmjs.org/@jridgewell/trace-mapping/-/trace-mapping-0.3.9.tgz 94ms (cache miss)
478 http fetch GET 200 https://registry.npmjs.org/@jridgewell/resolve-uri/-/resolve-uri-3.1.2.tgz 102ms (cache miss)
479 http fetch GET 200 https://registry.npmjs.org/@tsconfig/node16/-/node16-1.0.4.tgz 125ms (cache miss)
480 http fetch GET 200 https://registry.npmjs.org/@tsconfig/node14/-/node14-1.0.3.tgz 131ms (cache miss)
481 http fetch GET 200 https://registry.npmjs.org/is-number/-/is-number-7.0.0.tgz 138ms (cache miss)
482 http fetch GET 200 https://registry.npmjs.org/@tsconfig/node12/-/node12-1.0.11.tgz 147ms (cache miss)
483 http fetch GET 200 https://registry.npmjs.org/@cspotcode/source-map-support/-/source-map-support-0.8.1.tgz 152ms (cache miss)
484 http fetch GET 200 https://registry.npmjs.org/@tsconfig/node10/-/node10-1.0.11.tgz 153ms (cache miss)
485 http fetch GET 200 https://registry.npmjs.org/buffer-from/-/buffer-from-1.1.2.tgz 164ms (cache miss)
486 http fetch GET 200 https://registry.npmjs.org/v8-compile-cache-lib/-/v8-compile-cache-lib-3.0.1.tgz 176ms (cache miss)
487 http fetch GET 200 https://registry.npmjs.org/source-map/-/source-map-0.6.1.tgz 175ms (cache miss)
488 http fetch GET 200 https://registry.npmjs.org/brace-expansion/-/brace-expansion-1.1.12.tgz 179ms (cache miss)
489 http fetch GET 200 https://registry.npmjs.org/create-require/-/create-require-1.1.1.tgz 182ms (cache miss)
490 http fetch GET 200 https://registry.npmjs.org/make-error/-/make-error-1.3.6.tgz 190ms (cache miss)
491 http fetch GET 200 https://registry.npmjs.org/acorn-walk/-/acorn-walk-8.3.4.tgz 190ms (cache miss)
492 http fetch GET 200 https://registry.npmjs.org/balanced-match/-/balanced-match-1.0.2.tgz 192ms (cache miss)
493 http fetch GET 200 https://registry.npmjs.org/path-is-absolute/-/path-is-absolute-1.0.1.tgz 205ms (cache miss)
494 http fetch GET 200 https://registry.npmjs.org/fs.realpath/-/fs.realpath-1.0.0.tgz 205ms (cache miss)
495 http fetch GET 200 https://registry.npmjs.org/minimatch/-/minimatch-3.1.2.tgz 206ms (cache miss)
496 http fetch GET 200 https://registry.npmjs.org/diff/-/diff-4.0.2.tgz 216ms (cache miss)
497 http fetch GET 200 https://registry.npmjs.org/yn/-/yn-3.1.1.tgz 216ms (cache miss)
498 http fetch GET 200 https://registry.npmjs.org/inflight/-/inflight-1.0.6.tgz 212ms (cache miss)
499 warn deprecated inflight@1.0.6: This module is not supported, and leaks memory. Do not use it. Check out lru-cache if you want a good and tested way to coalesce async requests by a key value, which is much more comprehensive and powerful.
500 http fetch GET 200 https://registry.npmjs.org/supports-preserve-symlinks-flag/-/supports-preserve-symlinks-flag-1.0.0.tgz 225ms (cache miss)
501 http fetch GET 200 https://registry.npmjs.org/is-extglob/-/is-extglob-2.1.1.tgz 235ms (cache miss)
502 http fetch GET 200 https://registry.npmjs.org/path-parse/-/path-parse-1.0.7.tgz 238ms (cache miss)
503 http fetch GET 200 https://registry.npmjs.org/to-regex-range/-/to-regex-range-5.0.1.tgz 245ms (cache miss)
504 http fetch GET 200 https://registry.npmjs.org/concat-map/-/concat-map-0.0.1.tgz 248ms (cache miss)
505 http fetch GET 200 https://registry.npmjs.org/arg/-/arg-4.1.3.tgz 263ms (cache miss)
506 http fetch GET 200 https://registry.npmjs.org/fill-range/-/fill-range-7.1.1.tgz 257ms (cache miss)
507 http fetch GET 200 https://registry.npmjs.org/is-glob/-/is-glob-4.0.3.tgz 258ms (cache miss)
508 http fetch GET 200 https://registry.npmjs.org/readdirp/-/readdirp-3.6.0.tgz 258ms (cache miss)
509 http fetch GET 200 https://registry.npmjs.org/is-core-module/-/is-core-module-2.16.1.tgz 260ms (cache miss)
510 http fetch GET 200 https://registry.npmjs.org/binary-extensions/-/binary-extensions-2.3.0.tgz 260ms (cache miss)
511 http fetch GET 200 https://registry.npmjs.org/glob/-/glob-7.2.3.tgz 262ms (cache miss)
512 warn deprecated glob@7.2.3: Glob versions prior to v9 are no longer supported
513 http fetch GET 200 https://registry.npmjs.org/acorn/-/acorn-8.15.0.tgz 265ms (cache miss)
514 http fetch GET 200 https://registry.npmjs.org/xtend/-/xtend-4.0.2.tgz 262ms (cache miss)
515 http fetch GET 200 https://registry.npmjs.org/normalize-path/-/normalize-path-3.0.0.tgz 265ms (cache miss)
516 http fetch GET 200 https://registry.npmjs.org/picomatch/-/picomatch-2.3.1.tgz 280ms (cache miss)
517 http fetch GET 200 https://registry.npmjs.org/fsevents/-/fsevents-2.3.3.tgz 285ms (cache miss)
518 http fetch GET 200 https://registry.npmjs.org/braces/-/braces-3.0.3.tgz 302ms (cache miss)
519 http fetch GET 200 https://registry.npmjs.org/glob-parent/-/glob-parent-5.1.2.tgz 303ms (cache miss)
520 http fetch GET 200 https://registry.npmjs.org/rimraf/-/rimraf-2.7.1.tgz 303ms (cache miss)
521 warn deprecated rimraf@2.7.1: Rimraf versions prior to v4 are no longer supported
522 http fetch GET 200 https://registry.npmjs.org/tsconfig/-/tsconfig-7.0.0.tgz 303ms (cache miss)
523 http fetch GET 200 https://registry.npmjs.org/mkdirp/-/mkdirp-1.0.4.tgz 308ms (cache miss)
524 http fetch GET 200 https://registry.npmjs.org/is-binary-path/-/is-binary-path-2.1.0.tgz 310ms (cache miss)
525 http fetch GET 200 https://registry.npmjs.org/tree-kill/-/tree-kill-1.2.2.tgz 320ms (cache miss)
526 http fetch GET 200 https://registry.npmjs.org/anymatch/-/anymatch-3.1.3.tgz 321ms (cache miss)
527 http fetch GET 200 https://registry.npmjs.org/minimist/-/minimist-1.2.8.tgz 322ms (cache miss)
528 http fetch GET 200 https://registry.npmjs.org/source-map-support/-/source-map-support-0.5.21.tgz 324ms (cache miss)
529 http fetch GET 200 https://registry.npmjs.org/chokidar/-/chokidar-3.6.0.tgz 335ms (cache miss)
530 http fetch GET 200 https://registry.npmjs.org/ts-node-dev/-/ts-node-dev-2.0.0.tgz 363ms (cache miss)
531 http fetch GET 200 https://registry.npmjs.org/dynamic-dedupe/-/dynamic-dedupe-0.3.0.tgz 364ms (cache miss)
532 http fetch GET 200 https://registry.npmjs.org/resolve/-/resolve-1.22.11.tgz 371ms (cache miss)
533 http fetch GET 200 https://registry.npmjs.org/ts-node/-/ts-node-10.9.2.tgz 377ms (cache miss)
534 http fetch GET 200 https://registry.npmjs.org/typescript/-/typescript-5.9.3.tgz 474ms (cache miss)
535 info run fsevents@2.3.3 install node_modules/fsevents node-gyp rebuild
536 info run fsevents@2.3.3 install { code: 1, signal: null }
537 verbose reify failed optional dependency /Users/gc/pent_up/backend/node_modules/fsevents
538 silly reify mark deleted [ '/Users/gc/pent_up/backend/node_modules/fsevents' ]
539 verbose cwd /Users/gc/pent_up/backend
540 verbose os Darwin 23.3.0
541 verbose node v23.7.0
542 verbose npm  v10.9.2
543 notice
543 notice New major version of npm available! 10.9.2 -> 11.6.2
543 notice Changelog: https://github.com/npm/cli/releases/tag/v11.6.2
543 notice To update run: npm install -g npm@11.6.2
543 notice  { force: true, [Symbol(proc-log.meta)]: true }
544 verbose exit 0
545 info ok
