0 verbose cli /opt/homebrew/Cellar/node/23.7.0/bin/node /opt/homebrew/bin/npm
1 info using npm@10.9.2
2 info using node@v23.7.0
3 silly config load:file:/opt/homebrew/lib/node_modules/npm/npmrc
4 silly config load:file:/Users/gc/pent_up/unsent/.npmrc
5 silly config load:file:/Users/gc/.npmrc
6 silly config load:file:/opt/homebrew/etc/npmrc
7 verbose title npm install @mui/material @emotion/react @emotion/styled @mui/icons-material @supabase/supabase-js swr
8 verbose argv "install" "@mui/material" "@emotion/react" "@emotion/styled" "@mui/icons-material" "@supabase/supabase-js" "swr"
9 verbose logfile logs-max:10 dir:/Users/gc/pent_up/unsent/.npm-cache/_logs/2025-10-24T21_37_57_372Z-
10 verbose logfile /Users/gc/pent_up/unsent/.npm-cache/_logs/2025-10-24T21_37_57_372Z-debug-0.log
11 silly logfile done cleaning log files
12 silly packumentCache heap:4345298944 maxSize:1086324736 maxEntrySize:543162368
13 silly idealTree buildDeps
14 silly fetch manifest @mui/material@*
15 silly packumentCache full:https://registry.npmjs.org/@mui%2fmaterial cache-miss
16 http fetch GET 200 https://registry.npmjs.org/npm 321ms
17 http fetch GET 200 https://registry.npmjs.org/@mui%2fmaterial 369ms (cache miss)
18 silly packumentCache full:https://registry.npmjs.org/@mui%2fmaterial set size:undefined disposed:false
19 silly fetch manifest @emotion/react@*
20 silly packumentCache full:https://registry.npmjs.org/@emotion%2freact cache-miss
21 http fetch GET 200 https://registry.npmjs.org/@emotion%2freact 80ms (cache miss)
22 silly packumentCache full:https://registry.npmjs.org/@emotion%2freact set size:undefined disposed:false
23 silly fetch manifest react@19.2.0
24 silly packumentCache full:https://registry.npmjs.org/react cache-miss
25 http fetch GET 200 https://registry.npmjs.org/react 448ms (cache miss)
26 silly packumentCache full:https://registry.npmjs.org/react set size:undefined disposed:false
27 silly fetch manifest @emotion/styled@*
28 silly packumentCache full:https://registry.npmjs.org/@emotion%2fstyled cache-miss
29 http fetch GET 200 https://registry.npmjs.org/@emotion%2fstyled 66ms (cache miss)
30 silly packumentCache full:https://registry.npmjs.org/@emotion%2fstyled set size:undefined disposed:false
31 silly fetch manifest @mui/material-pigment-css@^7.3.3
32 silly packumentCache full:https://registry.npmjs.org/@mui%2fmaterial-pigment-css cache-miss
33 http fetch GET 200 https://registry.npmjs.org/@mui%2fmaterial-pigment-css 99ms (cache miss)
34 silly packumentCache full:https://registry.npmjs.org/@mui%2fmaterial-pigment-css set size:undefined disposed:false
35 silly fetch manifest @pigment-css/react@^0.0.30
36 silly packumentCache full:https://registry.npmjs.org/@pigment-css%2freact cache-miss
37 http fetch GET 200 https://registry.npmjs.org/@pigment-css%2freact 92ms (cache miss)
38 silly packumentCache full:https://registry.npmjs.org/@pigment-css%2freact set size:undefined disposed:false
39 silly fetch manifest @types/react@^19
40 silly packumentCache full:https://registry.npmjs.org/@types%2freact cache-miss
41 http fetch GET 200 https://registry.npmjs.org/@types%2freact 130ms (cache miss)
42 silly packumentCache full:https://registry.npmjs.org/@types%2freact set size:undefined disposed:false
43 silly fetch manifest react-dom@19.2.0
44 silly packumentCache full:https://registry.npmjs.org/react-dom cache-miss
45 http fetch GET 200 https://registry.npmjs.org/react-dom 266ms (cache miss)
46 silly packumentCache full:https://registry.npmjs.org/react-dom set size:undefined disposed:false
47 silly fetch manifest @mui/icons-material@*
48 silly packumentCache full:https://registry.npmjs.org/@mui%2ficons-material cache-miss
49 http fetch GET 200 https://registry.npmjs.org/@mui%2ficons-material 244ms (cache miss)
50 silly packumentCache full:https://registry.npmjs.org/@mui%2ficons-material set size:undefined disposed:false
51 silly fetch manifest @supabase/supabase-js@*
52 silly packumentCache full:https://registry.npmjs.org/@supabase%2fsupabase-js cache-miss
53 http fetch GET 200 https://registry.npmjs.org/@supabase%2fsupabase-js 167ms (cache miss)
54 silly packumentCache full:https://registry.npmjs.org/@supabase%2fsupabase-js set size:undefined disposed:false
55 silly fetch manifest swr@*
56 silly packumentCache full:https://registry.npmjs.org/swr cache-miss
57 http fetch GET 200 https://registry.npmjs.org/swr 163ms (cache miss)
58 silly packumentCache full:https://registry.npmjs.org/swr set size:undefined disposed:false
59 silly placeDep ROOT @emotion/react@11.14.0 OK for: unsent@0.1.0 want: *
60 silly placeDep ROOT @emotion/styled@11.14.1 OK for: unsent@0.1.0 want: *
61 silly placeDep ROOT @mui/icons-material@7.3.4 OK for: unsent@0.1.0 want: *
62 silly placeDep ROOT @mui/material@7.3.4 OK for: @mui/icons-material@7.3.4 want: ^7.3.4
63 silly placeDep ROOT @mui/material@7.3.4 REPLACE for: unsent@0.1.0 want: *
64 silly placeDep ROOT @supabase/supabase-js@2.76.1 OK for: unsent@0.1.0 want: *
65 silly placeDep ROOT swr@2.3.6 OK for: unsent@0.1.0 want: *
66 silly fetch manifest @babel/runtime@^7.18.3
67 silly packumentCache full:https://registry.npmjs.org/@babel%2fruntime cache-miss
68 silly fetch manifest @emotion/babel-plugin@^11.13.5
69 silly packumentCache full:https://registry.npmjs.org/@emotion%2fbabel-plugin cache-miss
70 silly fetch manifest @emotion/cache@^11.14.0
71 silly packumentCache full:https://registry.npmjs.org/@emotion%2fcache cache-miss
72 silly fetch manifest @emotion/serialize@^1.3.3
73 silly packumentCache full:https://registry.npmjs.org/@emotion%2fserialize cache-miss
74 silly fetch manifest @emotion/use-insertion-effect-with-fallbacks@^1.2.0
75 silly packumentCache full:https://registry.npmjs.org/@emotion%2fuse-insertion-effect-with-fallbacks cache-miss
76 silly fetch manifest @emotion/utils@^1.4.2
77 silly packumentCache full:https://registry.npmjs.org/@emotion%2futils cache-miss
78 silly fetch manifest @emotion/weak-memoize@^0.4.0
79 silly packumentCache full:https://registry.npmjs.org/@emotion%2fweak-memoize cache-miss
80 http fetch GET 200 https://registry.npmjs.org/@emotion%2fbabel-plugin 337ms (cache miss)
81 silly packumentCache full:https://registry.npmjs.org/@emotion%2fbabel-plugin set size:undefined disposed:false
82 silly fetch manifest hoist-non-react-statics@^3.3.1
83 silly packumentCache full:https://registry.npmjs.org/hoist-non-react-statics cache-miss
84 http fetch GET 200 https://registry.npmjs.org/@babel%2fruntime 356ms (cache miss)
85 silly packumentCache full:https://registry.npmjs.org/@babel%2fruntime set size:undefined disposed:false
86 silly fetch manifest @emotion/is-prop-valid@^1.3.0
87 silly packumentCache full:https://registry.npmjs.org/@emotion%2fis-prop-valid cache-miss
88 http fetch GET 200 https://registry.npmjs.org/@emotion%2fweak-memoize 503ms (cache miss)
89 silly packumentCache full:https://registry.npmjs.org/@emotion%2fweak-memoize set size:undefined disposed:false
90 silly fetch manifest @emotion/serialize@^1.3.3
91 silly packumentCache full:https://registry.npmjs.org/@emotion%2fserialize cache-miss
92 http fetch GET 200 https://registry.npmjs.org/hoist-non-react-statics 166ms (cache miss)
93 silly packumentCache full:https://registry.npmjs.org/hoist-non-react-statics set size:undefined disposed:false
94 silly fetch manifest @emotion/use-insertion-effect-with-fallbacks@^1.2.0
95 silly packumentCache full:https://registry.npmjs.org/@emotion%2fuse-insertion-effect-with-fallbacks cache-miss
96 http fetch GET 200 https://registry.npmjs.org/@emotion%2fuse-insertion-effect-with-fallbacks 664ms (cache miss)
97 silly packumentCache full:https://registry.npmjs.org/@emotion%2fuse-insertion-effect-with-fallbacks set size:undefined disposed:false
98 silly fetch manifest @emotion/utils@^1.4.2
99 silly packumentCache full:https://registry.npmjs.org/@emotion%2futils cache-miss
100 http fetch GET 200 https://registry.npmjs.org/@emotion%2fis-prop-valid 291ms (cache miss)
101 silly packumentCache full:https://registry.npmjs.org/@emotion%2fis-prop-valid set size:undefined disposed:false
102 silly fetch manifest @babel/runtime@^7.28.4
103 silly packumentCache full:https://registry.npmjs.org/@babel%2fruntime cache-miss
104 http fetch GET 200 https://registry.npmjs.org/@emotion%2futils 671ms (cache miss)
105 silly packumentCache full:https://registry.npmjs.org/@emotion%2futils set size:undefined disposed:false
106 silly fetch manifest @babel/runtime@^7.28.4
107 silly packumentCache full:https://registry.npmjs.org/@babel%2fruntime cache-miss
108 http cache https://registry.npmjs.org/@babel%2fruntime 15ms (cache hit)
109 silly packumentCache full:https://registry.npmjs.org/@babel%2fruntime set size:3239112 disposed:false
110 silly fetch manifest @popperjs/core@^2.11.8
111 silly packumentCache full:https://registry.npmjs.org/@popperjs%2fcore cache-miss
112 http fetch GET 200 https://registry.npmjs.org/@emotion%2fserialize 702ms (cache miss)
113 silly packumentCache full:https://registry.npmjs.org/@emotion%2fserialize set size:undefined disposed:false
114 silly fetch manifest @types/react-transition-group@^4.4.12
115 silly packumentCache full:https://registry.npmjs.org/@types%2freact-transition-group cache-miss
116 http fetch GET 200 https://registry.npmjs.org/@emotion%2fcache 705ms (cache miss)
117 silly packumentCache full:https://registry.npmjs.org/@emotion%2fcache set size:undefined disposed:false
118 silly fetch manifest clsx@^2.1.1
119 silly packumentCache full:https://registry.npmjs.org/clsx cache-miss
120 http cache https://registry.npmjs.org/@babel%2fruntime 38ms (cache hit)
121 silly packumentCache full:https://registry.npmjs.org/@babel%2fruntime set size:3239112 disposed:false
122 silly fetch manifest react-is@^19.1.1
123 silly packumentCache full:https://registry.npmjs.org/react-is cache-miss
124 http fetch GET 200 https://registry.npmjs.org/@emotion%2fuse-insertion-effect-with-fallbacks 329ms (cache miss)
125 silly packumentCache full:https://registry.npmjs.org/@emotion%2fuse-insertion-effect-with-fallbacks set size:undefined disposed:false
126 silly fetch manifest react-transition-group@^4.4.5
127 silly packumentCache full:https://registry.npmjs.org/react-transition-group cache-miss
128 http fetch GET 200 https://registry.npmjs.org/@emotion%2fserialize 333ms (cache miss)
129 silly packumentCache full:https://registry.npmjs.org/@emotion%2fserialize set size:undefined disposed:false
130 silly fetch manifest @mui/core-downloads-tracker@^7.3.4
131 silly packumentCache full:https://registry.npmjs.org/@mui%2fcore-downloads-tracker cache-miss
132 http fetch GET 200 https://registry.npmjs.org/@emotion%2futils 174ms (cache miss)
133 silly packumentCache full:https://registry.npmjs.org/@emotion%2futils set size:undefined disposed:false
134 silly fetch manifest @mui/types@^7.4.7
135 silly packumentCache full:https://registry.npmjs.org/@mui%2ftypes cache-miss
136 http fetch GET 200 https://registry.npmjs.org/react-transition-group 181ms (cache miss)
137 silly packumentCache full:https://registry.npmjs.org/react-transition-group set size:undefined disposed:false
138 silly fetch manifest @mui/system@^7.3.3
139 silly packumentCache full:https://registry.npmjs.org/@mui%2fsystem cache-miss
140 http fetch GET 200 https://registry.npmjs.org/clsx 310ms (cache miss)
141 silly packumentCache full:https://registry.npmjs.org/clsx set size:undefined disposed:false
142 silly fetch manifest @mui/utils@^7.3.3
143 silly packumentCache full:https://registry.npmjs.org/@mui%2futils cache-miss
144 http fetch GET 200 https://registry.npmjs.org/@types%2freact-transition-group 314ms (cache miss)
145 silly packumentCache full:https://registry.npmjs.org/@types%2freact-transition-group set size:undefined disposed:false
146 silly fetch manifest @popperjs/core@^2.11.8
147 silly packumentCache full:https://registry.npmjs.org/@popperjs%2fcore cache-miss
148 http fetch GET 200 https://registry.npmjs.org/@mui%2ftypes 183ms (cache miss)
149 silly packumentCache full:https://registry.npmjs.org/@mui%2ftypes set size:undefined disposed:false
150 silly fetch manifest react-is@^19.1.1
151 silly packumentCache full:https://registry.npmjs.org/react-is cache-miss
152 http fetch GET 200 https://registry.npmjs.org/@mui%2fcore-downloads-tracker 187ms (cache miss)
153 silly packumentCache full:https://registry.npmjs.org/@mui%2fcore-downloads-tracker set size:undefined disposed:false
154 silly fetch manifest @mui/system@^7.3.3
155 silly packumentCache full:https://registry.npmjs.org/@mui%2fsystem cache-miss
156 http fetch GET 200 https://registry.npmjs.org/@popperjs%2fcore 325ms (cache miss)
157 silly packumentCache full:https://registry.npmjs.org/@popperjs%2fcore set size:undefined disposed:false
158 silly fetch manifest @mui/utils@^7.3.3
159 silly packumentCache full:https://registry.npmjs.org/@mui%2futils cache-miss
160 http fetch GET 200 https://registry.npmjs.org/@mui%2fsystem 193ms (cache miss)
161 silly packumentCache full:https://registry.npmjs.org/@mui%2fsystem set size:undefined disposed:false
162 silly fetch manifest @supabase/auth-js@2.76.1
163 silly packumentCache full:https://registry.npmjs.org/@supabase%2fauth-js cache-miss
164 http fetch GET 200 https://registry.npmjs.org/@mui%2futils 185ms (cache miss)
165 silly packumentCache full:https://registry.npmjs.org/@mui%2futils set size:undefined disposed:false
166 silly fetch manifest @supabase/node-fetch@2.6.15
167 silly packumentCache full:https://registry.npmjs.org/@supabase%2fnode-fetch cache-miss
168 http fetch GET 200 https://registry.npmjs.org/@mui%2futils 199ms (cache miss)
169 silly packumentCache full:https://registry.npmjs.org/@mui%2futils set size:undefined disposed:false
170 silly fetch manifest @supabase/storage-js@2.76.1
171 silly packumentCache full:https://registry.npmjs.org/@supabase%2fstorage-js cache-miss
172 http fetch GET 200 https://registry.npmjs.org/@popperjs%2fcore 203ms (cache miss)
173 silly packumentCache full:https://registry.npmjs.org/@popperjs%2fcore set size:undefined disposed:false
174 silly fetch manifest @supabase/realtime-js@2.76.1
175 silly packumentCache full:https://registry.npmjs.org/@supabase%2frealtime-js cache-miss
176 http fetch GET 200 https://registry.npmjs.org/@mui%2fsystem 201ms (cache miss)
177 silly packumentCache full:https://registry.npmjs.org/@mui%2fsystem set size:undefined disposed:false
178 silly fetch manifest @supabase/functions-js@2.76.1
179 silly packumentCache full:https://registry.npmjs.org/@supabase%2ffunctions-js cache-miss
180 http fetch GET 200 https://registry.npmjs.org/react-is 517ms (cache miss)
181 silly packumentCache full:https://registry.npmjs.org/react-is set size:undefined disposed:false
182 silly fetch manifest @supabase/postgrest-js@2.76.1
183 silly packumentCache full:https://registry.npmjs.org/@supabase%2fpostgrest-js cache-miss
184 http fetch GET 200 https://registry.npmjs.org/@supabase%2fauth-js 154ms (cache miss)
185 silly packumentCache full:https://registry.npmjs.org/@supabase%2fauth-js set size:undefined disposed:false
186 silly fetch manifest dequal@^2.0.3
187 silly packumentCache full:https://registry.npmjs.org/dequal cache-miss
188 http fetch GET 200 https://registry.npmjs.org/dequal 178ms (cache miss)
189 silly packumentCache full:https://registry.npmjs.org/dequal set size:undefined disposed:false
190 silly fetch manifest use-sync-external-store@^1.4.0
191 silly packumentCache full:https://registry.npmjs.org/use-sync-external-store cache-miss
192 http fetch GET 200 https://registry.npmjs.org/@supabase%2fnode-fetch 336ms (cache miss)
193 silly packumentCache full:https://registry.npmjs.org/@supabase%2fnode-fetch set size:undefined disposed:false
194 http fetch GET 200 https://registry.npmjs.org/react-is 534ms (cache miss)
195 silly packumentCache full:https://registry.npmjs.org/react-is set size:undefined disposed:false
196 http fetch GET 200 https://registry.npmjs.org/@supabase%2ffunctions-js 350ms (cache miss)
197 silly packumentCache full:https://registry.npmjs.org/@supabase%2ffunctions-js set size:undefined disposed:false
198 http fetch GET 200 https://registry.npmjs.org/@supabase%2fstorage-js 365ms (cache miss)
199 silly packumentCache full:https://registry.npmjs.org/@supabase%2fstorage-js set size:undefined disposed:false
200 http fetch GET 200 https://registry.npmjs.org/@supabase%2frealtime-js 360ms (cache miss)
201 silly packumentCache full:https://registry.npmjs.org/@supabase%2frealtime-js set size:undefined disposed:false
202 http fetch GET 200 https://registry.npmjs.org/@supabase%2fpostgrest-js 335ms (cache miss)
203 silly packumentCache full:https://registry.npmjs.org/@supabase%2fpostgrest-js set size:undefined disposed:false
204 http fetch GET 200 https://registry.npmjs.org/use-sync-external-store 280ms (cache miss)
205 silly packumentCache full:https://registry.npmjs.org/use-sync-external-store set size:undefined disposed:false
206 silly fetch manifest react@>=16.8.0
207 silly packumentCache full:https://registry.npmjs.org/react cache-miss
208 http cache https://registry.npmjs.org/react 13ms (cache hit)
209 silly packumentCache full:https://registry.npmjs.org/react set size:6198924 disposed:false
210 silly placeDep ROOT @babel/runtime@7.28.4 OK for: @emotion/react@11.14.0 want: ^7.18.3
211 silly placeDep ROOT @emotion/babel-plugin@11.13.5 OK for: @emotion/react@11.14.0 want: ^11.13.5
212 silly placeDep ROOT @emotion/cache@11.14.0 OK for: @emotion/react@11.14.0 want: ^11.14.0
213 silly placeDep ROOT @emotion/serialize@1.3.3 OK for: @emotion/react@11.14.0 want: ^1.3.3
214 silly placeDep ROOT @emotion/use-insertion-effect-with-fallbacks@1.2.0 OK for: @emotion/react@11.14.0 want: ^1.2.0
215 silly placeDep ROOT @emotion/utils@1.4.2 OK for: @emotion/react@11.14.0 want: ^1.4.2
216 silly placeDep ROOT @emotion/weak-memoize@0.4.0 OK for: @emotion/react@11.14.0 want: ^0.4.0
217 silly placeDep ROOT hoist-non-react-statics@3.3.2 OK for: @emotion/react@11.14.0 want: ^3.3.1
218 silly fetch manifest @emotion/hash@^0.9.2
219 silly packumentCache full:https://registry.npmjs.org/@emotion%2fhash cache-miss
220 silly fetch manifest @emotion/memoize@^0.9.0
221 silly packumentCache full:https://registry.npmjs.org/@emotion%2fmemoize cache-miss
222 silly fetch manifest babel-plugin-macros@^3.1.0
223 silly packumentCache full:https://registry.npmjs.org/babel-plugin-macros cache-miss
224 silly fetch manifest convert-source-map@^1.5.0
225 silly packumentCache full:https://registry.npmjs.org/convert-source-map cache-miss
226 silly fetch manifest find-root@^1.1.0
227 silly packumentCache full:https://registry.npmjs.org/find-root cache-miss
228 silly fetch manifest source-map@^0.5.7
229 silly packumentCache full:https://registry.npmjs.org/source-map cache-miss
230 silly fetch manifest stylis@4.2.0
231 silly packumentCache full:https://registry.npmjs.org/stylis cache-miss
232 http fetch GET 200 https://registry.npmjs.org/find-root 266ms (cache miss)
233 silly packumentCache full:https://registry.npmjs.org/find-root set size:undefined disposed:false
234 silly fetch manifest @emotion/memoize@^0.9.0
235 silly packumentCache full:https://registry.npmjs.org/@emotion%2fmemoize cache-miss
236 http fetch GET 200 https://registry.npmjs.org/@emotion%2fmemoize 268ms (cache miss)
237 silly packumentCache full:https://registry.npmjs.org/@emotion%2fmemoize set size:undefined disposed:false
238 silly fetch manifest @emotion/sheet@^1.4.0
239 silly packumentCache full:https://registry.npmjs.org/@emotion%2fsheet cache-miss
240 http fetch GET 200 https://registry.npmjs.org/@emotion%2fhash 269ms (cache miss)
241 silly packumentCache full:https://registry.npmjs.org/@emotion%2fhash set size:undefined disposed:false
242 silly fetch manifest stylis@4.2.0
243 silly packumentCache full:https://registry.npmjs.org/stylis cache-miss
244 http fetch GET 200 https://registry.npmjs.org/convert-source-map 271ms (cache miss)
245 silly packumentCache full:https://registry.npmjs.org/convert-source-map set size:undefined disposed:false
246 silly fetch manifest @emotion/unitless@^0.10.0
247 silly packumentCache full:https://registry.npmjs.org/@emotion%2funitless cache-miss
248 http fetch GET 200 https://registry.npmjs.org/babel-plugin-macros 274ms (cache miss)
249 silly packumentCache full:https://registry.npmjs.org/babel-plugin-macros set size:undefined disposed:false
250 http fetch GET 200 https://registry.npmjs.org/source-map 277ms (cache miss)
251 silly packumentCache full:https://registry.npmjs.org/source-map set size:undefined disposed:false
252 http cache https://registry.npmjs.org/@emotion%2fmemoize 15ms (cache hit)
253 silly packumentCache full:https://registry.npmjs.org/@emotion%2fmemoize set size:42731 disposed:false
254 http fetch GET 200 https://registry.npmjs.org/stylis 282ms (cache miss)
255 silly packumentCache full:https://registry.npmjs.org/stylis set size:undefined disposed:false
256 http fetch GET 200 https://registry.npmjs.org/stylis 119ms (cache miss)
257 silly packumentCache full:https://registry.npmjs.org/stylis set size:undefined disposed:false
258 http fetch GET 200 https://registry.npmjs.org/@emotion%2fsheet 130ms (cache miss)
259 silly packumentCache full:https://registry.npmjs.org/@emotion%2fsheet set size:undefined disposed:false
260 http fetch GET 200 https://registry.npmjs.org/@emotion%2funitless 141ms (cache miss)
261 silly packumentCache full:https://registry.npmjs.org/@emotion%2funitless set size:undefined disposed:false
262 silly placeDep ROOT @emotion/hash@0.9.2 OK for: @emotion/babel-plugin@11.13.5 want: ^0.9.2
263 silly placeDep ROOT @emotion/memoize@0.9.0 OK for: @emotion/babel-plugin@11.13.5 want: ^0.9.0
264 silly placeDep ROOT babel-plugin-macros@3.1.0 OK for: @emotion/babel-plugin@11.13.5 want: ^3.1.0
265 silly placeDep node_modules/@emotion/babel-plugin convert-source-map@1.9.0 OK for: @emotion/babel-plugin@11.13.5 want: ^1.5.0
266 silly placeDep ROOT find-root@1.1.0 OK for: @emotion/babel-plugin@11.13.5 want: ^1.1.0
267 silly placeDep ROOT source-map@0.5.7 OK for: @emotion/babel-plugin@11.13.5 want: ^0.5.7
268 silly placeDep ROOT stylis@4.2.0 OK for: @emotion/babel-plugin@11.13.5 want: 4.2.0
269 silly fetch manifest cosmiconfig@^7.0.0
270 silly packumentCache full:https://registry.npmjs.org/cosmiconfig cache-miss
271 http fetch GET 200 https://registry.npmjs.org/cosmiconfig 73ms (cache miss)
272 silly packumentCache full:https://registry.npmjs.org/cosmiconfig set size:undefined disposed:false
273 silly placeDep ROOT @emotion/sheet@1.4.0 OK for: @emotion/cache@11.14.0 want: ^1.4.0
274 silly placeDep ROOT @emotion/unitless@0.10.0 OK for: @emotion/serialize@1.3.3 want: ^0.10.0
275 silly placeDep ROOT @emotion/is-prop-valid@1.4.0 OK for: @emotion/styled@11.14.1 want: ^1.3.0
276 silly fetch manifest @types/react@^17.0.0 || ^18.0.0 || ^19.0.0
277 silly packumentCache full:https://registry.npmjs.org/@types%2freact cache-miss
278 http cache https://registry.npmjs.org/@types%2freact 4ms (cache hit)
279 silly packumentCache full:https://registry.npmjs.org/@types%2freact set size:2504314 disposed:false
280 silly fetch manifest react@^17.0.0 || ^18.0.0 || ^19.0.0
281 silly packumentCache full:https://registry.npmjs.org/react cache-miss
282 http cache https://registry.npmjs.org/react 12ms (cache hit)
283 silly packumentCache full:https://registry.npmjs.org/react set size:6198924 disposed:false
284 silly fetch manifest react-dom@^17.0.0 || ^18.0.0 || ^19.0.0
285 silly packumentCache full:https://registry.npmjs.org/react-dom cache-miss
286 http cache https://registry.npmjs.org/react-dom 12ms (cache hit)
287 silly packumentCache full:https://registry.npmjs.org/react-dom set size:8094396 disposed:false
288 silly fetch manifest @emotion/react@^11.5.0
289 silly packumentCache full:https://registry.npmjs.org/@emotion%2freact cache-miss
290 http cache https://registry.npmjs.org/@emotion%2freact 1ms (cache hit)
291 silly packumentCache full:https://registry.npmjs.org/@emotion%2freact set size:196548 disposed:false
292 silly fetch manifest @emotion/styled@^11.3.0
293 silly packumentCache full:https://registry.npmjs.org/@emotion%2fstyled cache-miss
294 http cache https://registry.npmjs.org/@emotion%2fstyled 2ms (cache hit)
295 silly packumentCache full:https://registry.npmjs.org/@emotion%2fstyled set size:286397 disposed:false
296 silly placeDep ROOT @mui/core-downloads-tracker@7.3.4 OK for: @mui/material@7.3.4 want: ^7.3.4
297 silly placeDep ROOT @mui/system@7.3.3 OK for: @mui/material@7.3.4 want: ^7.3.3
298 silly placeDep ROOT @mui/types@7.4.7 OK for: @mui/material@7.3.4 want: ^7.4.7
299 silly placeDep ROOT @mui/utils@7.3.3 OK for: @mui/material@7.3.4 want: ^7.3.3
300 silly placeDep ROOT @popperjs/core@2.11.8 OK for: @mui/material@7.3.4 want: ^2.11.8
301 silly placeDep ROOT @types/react-transition-group@4.4.12 OK for: @mui/material@7.3.4 want: ^4.4.12
302 silly placeDep ROOT clsx@2.1.1 OK for: @mui/material@7.3.4 want: ^2.1.1
303 silly placeDep node_modules/@mui/material react-is@19.2.0 OK for: @mui/material@7.3.4 want: ^19.1.1
304 silly placeDep ROOT react-transition-group@4.4.5 OK for: @mui/material@7.3.4 want: ^4.4.5
305 silly fetch manifest @mui/private-theming@^7.3.3
306 silly packumentCache full:https://registry.npmjs.org/@mui%2fprivate-theming cache-miss
307 silly fetch manifest @mui/styled-engine@^7.3.3
308 silly packumentCache full:https://registry.npmjs.org/@mui%2fstyled-engine cache-miss
309 silly fetch manifest @types/prop-types@^15.7.15
310 silly packumentCache full:https://registry.npmjs.org/@types%2fprop-types cache-miss
311 silly fetch manifest dom-helpers@^5.0.1
312 silly packumentCache full:https://registry.npmjs.org/dom-helpers cache-miss
313 http fetch GET 200 https://registry.npmjs.org/dom-helpers 51ms (cache miss)
314 silly packumentCache full:https://registry.npmjs.org/dom-helpers set size:undefined disposed:false
315 http fetch GET 200 https://registry.npmjs.org/@types%2fprop-types 55ms (cache miss)
316 silly packumentCache full:https://registry.npmjs.org/@types%2fprop-types set size:undefined disposed:false
317 http fetch GET 200 https://registry.npmjs.org/@mui%2fstyled-engine 65ms (cache miss)
318 silly packumentCache full:https://registry.npmjs.org/@mui%2fstyled-engine set size:undefined disposed:false
319 http fetch GET 200 https://registry.npmjs.org/@mui%2fprivate-theming 86ms (cache miss)
320 silly packumentCache full:https://registry.npmjs.org/@mui%2fprivate-theming set size:undefined disposed:false
321 silly placeDep ROOT @mui/private-theming@7.3.3 OK for: @mui/system@7.3.3 want: ^7.3.3
322 silly placeDep ROOT @mui/styled-engine@7.3.3 OK for: @mui/system@7.3.3 want: ^7.3.3
323 silly placeDep ROOT @types/prop-types@15.7.15 OK for: @mui/utils@7.3.3 want: ^15.7.15
324 silly placeDep node_modules/@mui/utils react-is@19.2.0 OK for: @mui/utils@7.3.3 want: ^19.1.1
325 silly placeDep ROOT @supabase/auth-js@2.76.1 OK for: @supabase/supabase-js@2.76.1 want: 2.76.1
326 silly placeDep ROOT @supabase/functions-js@2.76.1 OK for: @supabase/supabase-js@2.76.1 want: 2.76.1
327 silly placeDep ROOT @supabase/node-fetch@2.6.15 OK for: @supabase/supabase-js@2.76.1 want: 2.6.15
328 silly placeDep ROOT @supabase/postgrest-js@2.76.1 OK for: @supabase/supabase-js@2.76.1 want: 2.76.1
329 silly placeDep ROOT @supabase/realtime-js@2.76.1 OK for: @supabase/supabase-js@2.76.1 want: 2.76.1
330 silly placeDep ROOT @supabase/storage-js@2.76.1 OK for: @supabase/supabase-js@2.76.1 want: 2.76.1
331 silly fetch manifest whatwg-url@^5.0.0
332 silly packumentCache full:https://registry.npmjs.org/whatwg-url cache-miss
333 silly fetch manifest ws@^8.18.2
334 silly packumentCache full:https://registry.npmjs.org/ws cache-miss
335 silly fetch manifest @types/ws@^8.18.1
336 silly packumentCache full:https://registry.npmjs.org/@types%2fws cache-miss
337 silly fetch manifest @types/phoenix@^1.6.6
338 silly packumentCache full:https://registry.npmjs.org/@types%2fphoenix cache-miss
339 http fetch GET 200 https://registry.npmjs.org/whatwg-url 46ms (cache miss)
340 silly packumentCache full:https://registry.npmjs.org/whatwg-url set size:undefined disposed:false
341 http fetch GET 200 https://registry.npmjs.org/ws 50ms (cache miss)
342 silly packumentCache full:https://registry.npmjs.org/ws set size:undefined disposed:false
343 http fetch GET 200 https://registry.npmjs.org/@types%2fphoenix 73ms (cache miss)
344 silly packumentCache full:https://registry.npmjs.org/@types%2fphoenix set size:undefined disposed:false
345 http fetch GET 200 https://registry.npmjs.org/@types%2fws 99ms (cache miss)
346 silly packumentCache full:https://registry.npmjs.org/@types%2fws set size:undefined disposed:false
347 silly placeDep ROOT whatwg-url@5.0.0 OK for: @supabase/node-fetch@2.6.15 want: ^5.0.0
348 silly fetch manifest tr46@~0.0.3
349 silly packumentCache full:https://registry.npmjs.org/tr46 cache-miss
350 silly fetch manifest webidl-conversions@^3.0.0
351 silly packumentCache full:https://registry.npmjs.org/webidl-conversions cache-miss
352 http fetch GET 200 https://registry.npmjs.org/tr46 65ms (cache miss)
353 silly packumentCache full:https://registry.npmjs.org/tr46 set size:undefined disposed:false
354 http fetch GET 200 https://registry.npmjs.org/webidl-conversions 66ms (cache miss)
355 silly packumentCache full:https://registry.npmjs.org/webidl-conversions set size:undefined disposed:false
356 silly fetch manifest bufferutil@^4.0.1
357 silly packumentCache full:https://registry.npmjs.org/bufferutil cache-miss
358 http fetch GET 200 https://registry.npmjs.org/bufferutil 53ms (cache miss)
359 silly packumentCache full:https://registry.npmjs.org/bufferutil set size:undefined disposed:false
360 silly fetch manifest utf-8-validate@>=5.0.2
361 silly packumentCache full:https://registry.npmjs.org/utf-8-validate cache-miss
362 http fetch GET 200 https://registry.npmjs.org/utf-8-validate 53ms (cache miss)
363 silly packumentCache full:https://registry.npmjs.org/utf-8-validate set size:undefined disposed:false
364 silly placeDep ROOT @types/phoenix@1.6.6 OK for: @supabase/realtime-js@2.76.1 want: ^1.6.6
365 silly placeDep ROOT @types/ws@8.18.1 OK for: @supabase/realtime-js@2.76.1 want: ^8.18.1
366 silly placeDep ROOT ws@8.18.3 OK for: @supabase/realtime-js@2.76.1 want: ^8.18.2
367 silly placeDep ROOT cosmiconfig@7.1.0 OK for: babel-plugin-macros@3.1.0 want: ^7.0.0
368 silly fetch manifest @types/parse-json@^4.0.0
369 silly packumentCache full:https://registry.npmjs.org/@types%2fparse-json cache-miss
370 silly fetch manifest parse-json@^5.0.0
371 silly packumentCache full:https://registry.npmjs.org/parse-json cache-miss
372 silly fetch manifest path-type@^4.0.0
373 silly packumentCache full:https://registry.npmjs.org/path-type cache-miss
374 silly fetch manifest yaml@^1.10.0
375 silly packumentCache full:https://registry.npmjs.org/yaml cache-miss
376 http fetch GET 200 https://registry.npmjs.org/@types%2fparse-json 58ms (cache miss)
377 silly packumentCache full:https://registry.npmjs.org/@types%2fparse-json set size:undefined disposed:false
378 http fetch GET 200 https://registry.npmjs.org/parse-json 59ms (cache miss)
379 silly packumentCache full:https://registry.npmjs.org/parse-json set size:undefined disposed:false
380 http fetch GET 200 https://registry.npmjs.org/path-type 60ms (cache miss)
381 silly packumentCache full:https://registry.npmjs.org/path-type set size:undefined disposed:false
382 http fetch GET 200 https://registry.npmjs.org/yaml 84ms (cache miss)
383 silly packumentCache full:https://registry.npmjs.org/yaml set size:undefined disposed:false
384 silly placeDep ROOT @types/parse-json@4.0.2 OK for: cosmiconfig@7.1.0 want: ^4.0.0
385 silly placeDep ROOT parse-json@5.2.0 OK for: cosmiconfig@7.1.0 want: ^5.0.0
386 silly placeDep ROOT path-type@4.0.0 OK for: cosmiconfig@7.1.0 want: ^4.0.0
387 silly placeDep ROOT yaml@1.10.2 OK for: cosmiconfig@7.1.0 want: ^1.10.0
388 silly fetch manifest error-ex@^1.3.1
389 silly packumentCache full:https://registry.npmjs.org/error-ex cache-miss
390 silly fetch manifest lines-and-columns@^1.1.6
391 silly packumentCache full:https://registry.npmjs.org/lines-and-columns cache-miss
392 silly fetch manifest json-parse-even-better-errors@^2.3.0
393 silly packumentCache full:https://registry.npmjs.org/json-parse-even-better-errors cache-miss
394 http fetch GET 200 https://registry.npmjs.org/json-parse-even-better-errors 58ms (cache miss)
395 silly packumentCache full:https://registry.npmjs.org/json-parse-even-better-errors set size:undefined disposed:false
396 http fetch GET 200 https://registry.npmjs.org/lines-and-columns 59ms (cache miss)
397 silly packumentCache full:https://registry.npmjs.org/lines-and-columns set size:undefined disposed:false
398 http fetch GET 200 https://registry.npmjs.org/error-ex 59ms (cache miss)
399 silly packumentCache full:https://registry.npmjs.org/error-ex set size:undefined disposed:false
400 silly placeDep ROOT error-ex@1.3.4 OK for: parse-json@5.2.0 want: ^1.3.1
401 silly placeDep ROOT json-parse-even-better-errors@2.3.1 OK for: parse-json@5.2.0 want: ^2.3.0
402 silly placeDep ROOT lines-and-columns@1.2.4 OK for: parse-json@5.2.0 want: ^1.1.6
403 silly fetch manifest is-arrayish@^0.2.1
404 silly packumentCache full:https://registry.npmjs.org/is-arrayish cache-miss
405 http fetch GET 200 https://registry.npmjs.org/is-arrayish 49ms (cache miss)
406 silly packumentCache full:https://registry.npmjs.org/is-arrayish set size:undefined disposed:false
407 silly placeDep ROOT is-arrayish@0.2.1 OK for: error-ex@1.3.4 want: ^0.2.1
408 silly placeDep ROOT dom-helpers@5.2.1 OK for: react-transition-group@4.4.5 want: ^5.0.1
409 silly fetch manifest react@^16.11.0 || ^17.0.0 || ^18.0.0 || ^19.0.0
410 silly packumentCache full:https://registry.npmjs.org/react cache-miss
411 http cache https://registry.npmjs.org/react 7ms (cache hit)
412 silly packumentCache full:https://registry.npmjs.org/react set size:6198924 disposed:false
413 silly placeDep ROOT dequal@2.0.3 OK for: swr@2.3.6 want: ^2.0.3
414 silly placeDep ROOT use-sync-external-store@1.6.0 OK for: swr@2.3.6 want: ^1.4.0
415 silly placeDep ROOT tr46@0.0.3 OK for: whatwg-url@5.0.0 want: ~0.0.3
416 silly placeDep ROOT webidl-conversions@3.0.1 OK for: whatwg-url@5.0.0 want: ^3.0.0
417 silly reify moves {}
418 silly audit bulk request {
418 silly audit   '@babel/code-frame': [ '7.27.1' ],
418 silly audit   '@babel/compat-data': [ '7.28.5' ],
418 silly audit   '@babel/core': [ '7.28.5' ],
418 silly audit   '@babel/generator': [ '7.28.5' ],
418 silly audit   '@babel/helper-compilation-targets': [ '7.27.2' ],
418 silly audit   '@babel/helper-globals': [ '7.28.0' ],
418 silly audit   '@babel/helper-module-imports': [ '7.27.1' ],
418 silly audit   '@babel/helper-module-transforms': [ '7.28.3' ],
418 silly audit   '@babel/helper-string-parser': [ '7.27.1' ],
418 silly audit   '@babel/helper-validator-identifier': [ '7.28.5' ],
418 silly audit   '@babel/helper-validator-option': [ '7.27.1' ],
418 silly audit   '@babel/helpers': [ '7.28.4' ],
418 silly audit   '@babel/parser': [ '7.28.5' ],
418 silly audit   '@babel/template': [ '7.27.2' ],
418 silly audit   '@babel/traverse': [ '7.28.5' ],
418 silly audit   '@babel/types': [ '7.28.5' ],
418 silly audit   '@emnapi/core': [ '1.6.0' ],
418 silly audit   '@emnapi/runtime': [ '1.6.0' ],
418 silly audit   '@emnapi/wasi-threads': [ '1.1.0' ],
418 silly audit   '@eslint-community/eslint-utils': [ '4.9.0' ],
418 silly audit   'eslint-visitor-keys': [ '3.4.3', '4.2.1' ],
418 silly audit   '@eslint-community/regexpp': [ '4.12.2' ],
418 silly audit   '@eslint/config-array': [ '0.21.1' ],
418 silly audit   '@eslint/config-helpers': [ '0.4.1' ],
418 silly audit   '@eslint/core': [ '0.16.0' ],
418 silly audit   '@eslint/eslintrc': [ '3.3.1' ],
418 silly audit   '@eslint/js': [ '9.38.0' ],
418 silly audit   '@eslint/object-schema': [ '2.1.7' ],
418 silly audit   '@eslint/plugin-kit': [ '0.4.0' ],
418 silly audit   '@humanfs/core': [ '0.19.1' ],
418 silly audit   '@humanfs/node': [ '0.16.7' ],
418 silly audit   '@humanwhocodes/module-importer': [ '1.0.1' ],
418 silly audit   '@humanwhocodes/retry': [ '0.4.3' ],
418 silly audit   '@img/colour': [ '1.0.0' ],
418 silly audit   '@img/sharp-darwin-arm64': [ '0.34.4' ],
418 silly audit   '@img/sharp-darwin-x64': [ '0.34.4' ],
418 silly audit   '@img/sharp-libvips-darwin-arm64': [ '1.2.3' ],
418 silly audit   '@img/sharp-libvips-darwin-x64': [ '1.2.3' ],
418 silly audit   '@img/sharp-libvips-linux-arm': [ '1.2.3' ],
418 silly audit   '@img/sharp-libvips-linux-arm64': [ '1.2.3' ],
418 silly audit   '@img/sharp-libvips-linux-ppc64': [ '1.2.3' ],
418 silly audit   '@img/sharp-libvips-linux-s390x': [ '1.2.3' ],
418 silly audit   '@img/sharp-libvips-linux-x64': [ '1.2.3' ],
418 silly audit   '@img/sharp-libvips-linuxmusl-arm64': [ '1.2.3' ],
418 silly audit   '@img/sharp-libvips-linuxmusl-x64': [ '1.2.3' ],
418 silly audit   '@img/sharp-linux-arm': [ '0.34.4' ],
418 silly audit   '@img/sharp-linux-arm64': [ '0.34.4' ],
418 silly audit   '@img/sharp-linux-ppc64': [ '0.34.4' ],
418 silly audit   '@img/sharp-linux-s390x': [ '0.34.4' ],
418 silly audit   '@img/sharp-linux-x64': [ '0.34.4' ],
418 silly audit   '@img/sharp-linuxmusl-arm64': [ '0.34.4' ],
418 silly audit   '@img/sharp-linuxmusl-x64': [ '0.34.4' ],
418 silly audit   '@img/sharp-wasm32': [ '0.34.4' ],
418 silly audit   '@img/sharp-win32-arm64': [ '0.34.4' ],
418 silly audit   '@img/sharp-win32-ia32': [ '0.34.4' ],
418 silly audit   '@img/sharp-win32-x64': [ '0.34.4' ],
418 silly audit   '@jridgewell/gen-mapping': [ '0.3.13' ],
418 silly audit   '@jridgewell/remapping': [ '2.3.5' ],
418 silly audit   '@jridgewell/resolve-uri': [ '3.1.2' ],
418 silly audit   '@jridgewell/sourcemap-codec': [ '1.5.5' ],
418 silly audit   '@jridgewell/trace-mapping': [ '0.3.31' ],
418 silly audit   '@napi-rs/wasm-runtime': [ '0.2.12' ],
418 silly audit   '@next/env': [ '16.0.0' ],
418 silly audit   '@next/eslint-plugin-next': [ '16.0.0' ],
418 silly audit   '@next/swc-darwin-arm64': [ '16.0.0' ],
418 silly audit   '@next/swc-darwin-x64': [ '16.0.0' ],
418 silly audit   '@next/swc-linux-arm64-gnu': [ '16.0.0' ],
418 silly audit   '@next/swc-linux-arm64-musl': [ '16.0.0' ],
418 silly audit   '@next/swc-linux-x64-gnu': [ '16.0.0' ],
418 silly audit   '@next/swc-linux-x64-musl': [ '16.0.0' ],
418 silly audit   '@next/swc-win32-arm64-msvc': [ '16.0.0' ],
418 silly audit   '@next/swc-win32-x64-msvc': [ '16.0.0' ],
418 silly audit   '@nodelib/fs.scandir': [ '2.1.5' ],
418 silly audit   '@nodelib/fs.stat': [ '2.0.5' ],
418 silly audit   '@nodelib/fs.walk': [ '1.2.8' ],
418 silly audit   '@nolyfill/is-core-module': [ '1.0.39' ],
418 silly audit   '@rtsao/scc': [ '1.1.0' ],
418 silly audit   '@swc/helpers': [ '0.5.15' ],
418 silly audit   '@tybys/wasm-util': [ '0.10.1' ],
418 silly audit   '@types/estree': [ '1.0.8' ],
418 silly audit   '@types/json-schema': [ '7.0.15' ],
418 silly audit   '@types/json5': [ '0.0.29' ],
418 silly audit   '@types/node': [ '20.19.23' ],
418 silly audit   '@types/react': [ '19.2.2' ],
418 silly audit   '@types/react-dom': [ '19.2.2' ],
418 silly audit   '@typescript-eslint/eslint-plugin': [ '8.46.2' ],
418 silly audit   ignore: [ '7.0.5', '5.3.2' ],
418 silly audit   '@typescript-eslint/parser': [ '8.46.2' ],
418 silly audit   '@typescript-eslint/project-service': [ '8.46.2' ],
418 silly audit   '@typescript-eslint/scope-manager': [ '8.46.2' ],
418 silly audit   '@typescript-eslint/tsconfig-utils': [ '8.46.2' ],
418 silly audit   '@typescript-eslint/type-utils': [ '8.46.2' ],
418 silly audit   '@typescript-eslint/types': [ '8.46.2' ],
418 silly audit   '@typescript-eslint/typescript-estree': [ '8.46.2' ],
418 silly audit   'brace-expansion': [ '2.0.2', '1.1.12' ],
418 silly audit   'fast-glob': [ '3.3.3', '3.3.1' ],
418 silly audit   'glob-parent': [ '5.1.2', '6.0.2' ],
418 silly audit   minimatch: [ '9.0.5', '3.1.2' ],
418 silly audit   semver: [ '7.7.3', '6.3.1' ],
418 silly audit   '@typescript-eslint/utils': [ '8.46.2' ],
418 silly audit   '@typescript-eslint/visitor-keys': [ '8.46.2' ],
418 silly audit   '@unrs/resolver-binding-android-arm-eabi': [ '1.11.1' ],
418 silly audit   '@unrs/resolver-binding-android-arm64': [ '1.11.1' ],
418 silly audit   '@unrs/resolver-binding-darwin-arm64': [ '1.11.1' ],
418 silly audit   '@unrs/resolver-binding-darwin-x64': [ '1.11.1' ],
418 silly audit   '@unrs/resolver-binding-freebsd-x64': [ '1.11.1' ],
418 silly audit   '@unrs/resolver-binding-linux-arm-gnueabihf': [ '1.11.1' ],
418 silly audit   '@unrs/resolver-binding-linux-arm-musleabihf': [ '1.11.1' ],
418 silly audit   '@unrs/resolver-binding-linux-arm64-gnu': [ '1.11.1' ],
418 silly audit   '@unrs/resolver-binding-linux-arm64-musl': [ '1.11.1' ],
418 silly audit   '@unrs/resolver-binding-linux-ppc64-gnu': [ '1.11.1' ],
418 silly audit   '@unrs/resolver-binding-linux-riscv64-gnu': [ '1.11.1' ],
418 silly audit   '@unrs/resolver-binding-linux-riscv64-musl': [ '1.11.1' ],
418 silly audit   '@unrs/resolver-binding-linux-s390x-gnu': [ '1.11.1' ],
418 silly audit   '@unrs/resolver-binding-linux-x64-gnu': [ '1.11.1' ],
418 silly audit   '@unrs/resolver-binding-linux-x64-musl': [ '1.11.1' ],
418 silly audit   '@unrs/resolver-binding-wasm32-wasi': [ '1.11.1' ],
418 silly audit   '@unrs/resolver-binding-win32-arm64-msvc': [ '1.11.1' ],
418 silly audit   '@unrs/resolver-binding-win32-ia32-msvc': [ '1.11.1' ],
418 silly audit   '@unrs/resolver-binding-win32-x64-msvc': [ '1.11.1' ],
418 silly audit   acorn: [ '8.15.0' ],
418 silly audit   'acorn-jsx': [ '5.3.2' ],
418 silly audit   ajv: [ '6.12.6' ],
418 silly audit   'ansi-styles': [ '4.3.0' ],
418 silly audit   argparse: [ '2.0.1' ],
418 silly audit   'aria-query': [ '5.3.2' ],
418 silly audit   'array-buffer-byte-length': [ '1.0.2' ],
418 silly audit   'array-includes': [ '3.1.9' ],
418 silly audit   'array.prototype.findlast': [ '1.2.5' ],
418 silly audit   'array.prototype.findlastindex': [ '1.2.6' ],
418 silly audit   'array.prototype.flat': [ '1.3.3' ],
418 silly audit   'array.prototype.flatmap': [ '1.3.3' ],
418 silly audit   'array.prototype.tosorted': [ '1.1.4' ],
418 silly audit   'arraybuffer.prototype.slice': [ '1.0.4' ],
418 silly audit   'ast-types-flow': [ '0.0.8' ],
418 silly audit   'async-function': [ '1.0.0' ],
418 silly audit   'available-typed-arrays': [ '1.0.7' ],
418 silly audit   'axe-core': [ '4.11.0' ],
418 silly audit   'axobject-query': [ '4.1.0' ],
418 silly audit   'balanced-match': [ '1.0.2' ],
418 silly audit   'baseline-browser-mapping': [ '2.8.20' ],
418 silly audit   braces: [ '3.0.3' ],
418 silly audit   browserslist: [ '4.27.0' ],
418 silly audit   'call-bind': [ '1.0.8' ],
418 silly audit   'call-bind-apply-helpers': [ '1.0.2' ],
418 silly audit   'call-bound': [ '1.0.4' ],
418 silly audit   callsites: [ '3.1.0' ],
418 silly audit   'caniuse-lite': [ '1.0.30001751' ],
418 silly audit   chalk: [ '4.1.2' ],
418 silly audit   'client-only': [ '0.0.1' ],
418 silly audit   'color-convert': [ '2.0.1' ],
418 silly audit   'color-name': [ '1.1.4' ],
418 silly audit   'concat-map': [ '0.0.1' ],
418 silly audit   'convert-source-map': [ '2.0.0', '1.9.0' ],
418 silly audit   'cross-spawn': [ '7.0.6' ],
418 silly audit   csstype: [ '3.1.3' ],
418 silly audit   'damerau-levenshtein': [ '1.0.8' ],
418 silly audit   'data-view-buffer': [ '1.0.2' ],
418 silly audit   'data-view-byte-length': [ '1.0.2' ],
418 silly audit   'data-view-byte-offset': [ '1.0.1' ],
418 silly audit   debug: [ '4.4.3', '3.2.7' ],
418 silly audit   'deep-is': [ '0.1.4' ],
418 silly audit   'define-data-property': [ '1.1.4' ],
418 silly audit   'define-properties': [ '1.2.1' ],
418 silly audit   'detect-libc': [ '2.1.2' ],
418 silly audit   doctrine: [ '2.1.0' ],
418 silly audit   'dunder-proto': [ '1.0.1' ],
418 silly audit   'electron-to-chromium': [ '1.5.240' ],
418 silly audit   'emoji-regex': [ '9.2.2' ],
418 silly audit   'es-abstract': [ '1.24.0' ],
418 silly audit   'es-define-property': [ '1.0.1' ],
418 silly audit   'es-errors': [ '1.3.0' ],
418 silly audit   'es-iterator-helpers': [ '1.2.1' ],
418 silly audit   'es-object-atoms': [ '1.1.1' ],
418 silly audit   'es-set-tostringtag': [ '2.1.0' ],
418 silly audit   'es-shim-unscopables': [ '1.1.0' ],
418 silly audit   'es-to-primitive': [ '1.3.0' ],
418 silly audit   escalade: [ '3.2.0' ],
418 silly audit   'escape-string-regexp': [ '4.0.0' ],
418 silly audit   eslint: [ '9.38.0' ],
418 silly audit   'eslint-config-next': [ '16.0.0' ],
418 silly audit   globals: [ '16.4.0', '14.0.0' ],
418 silly audit   'eslint-import-resolver-node': [ '0.3.9' ],
418 silly audit   'eslint-import-resolver-typescript': [ '3.10.1' ],
418 silly audit   'eslint-module-utils': [ '2.12.1' ],
418 silly audit   'eslint-plugin-import': [ '2.32.0' ],
418 silly audit   'eslint-plugin-jsx-a11y': [ '6.10.2' ],
418 silly audit   'eslint-plugin-react': [ '7.37.5' ],
418 silly audit   'eslint-plugin-react-hooks': [ '7.0.1' ],
418 silly audit   resolve: [ '2.0.0-next.5', '1.22.11' ],
418 silly audit   'eslint-scope': [ '8.4.0' ],
418 silly audit   espree: [ '10.4.0' ],
418 silly audit   esquery: [ '1.6.0' ],
418 silly audit   esrecurse: [ '4.3.0' ],
418 silly audit   estraverse: [ '5.3.0' ],
418 silly audit   esutils: [ '2.0.3' ],
418 silly audit   'fast-deep-equal': [ '3.1.3' ],
418 silly audit   'fast-json-stable-stringify': [ '2.1.0' ],
418 silly audit   'fast-levenshtein': [ '2.0.6' ],
418 silly audit   fastq: [ '1.19.1' ],
418 silly audit   'file-entry-cache': [ '8.0.0' ],
418 silly audit   'fill-range': [ '7.1.1' ],
418 silly audit   'find-up': [ '5.0.0' ],
418 silly audit   'flat-cache': [ '4.0.1' ],
418 silly audit   flatted: [ '3.3.3' ],
418 silly audit   'for-each': [ '0.3.5' ],
418 silly audit   'function-bind': [ '1.1.2' ],
418 silly audit   'function.prototype.name': [ '1.1.8' ],
418 silly audit   'functions-have-names': [ '1.2.3' ],
418 silly audit   'generator-function': [ '2.0.1' ],
418 silly audit   gensync: [ '1.0.0-beta.2' ],
418 silly audit   'get-intrinsic': [ '1.3.0' ],
418 silly audit   'get-proto': [ '1.0.1' ],
418 silly audit   'get-symbol-description': [ '1.1.0' ],
418 silly audit   'get-tsconfig': [ '4.13.0' ],
418 silly audit   globalthis: [ '1.0.4' ],
418 silly audit   gopd: [ '1.2.0' ],
418 silly audit   graphemer: [ '1.4.0' ],
418 silly audit   'has-bigints': [ '1.1.0' ],
418 silly audit   'has-flag': [ '4.0.0' ],
418 silly audit   'has-property-descriptors': [ '1.0.2' ],
418 silly audit   'has-proto': [ '1.2.0' ],
418 silly audit   'has-symbols': [ '1.1.0' ],
418 silly audit   'has-tostringtag': [ '1.0.2' ],
418 silly audit   hasown: [ '2.0.2' ],
418 silly audit   'hermes-estree': [ '0.25.1' ],
418 silly audit   'hermes-parser': [ '0.25.1' ],
418 silly audit   'import-fresh': [ '3.3.1' ],
418 silly audit   imurmurhash: [ '0.1.4' ],
418 silly audit   'internal-slot': [ '1.1.0' ],
418 silly audit   'is-array-buffer': [ '3.0.5' ],
418 silly audit   'is-async-function': [ '2.1.1' ],
418 silly audit   'is-bigint': [ '1.1.0' ],
418 silly audit   'is-boolean-object': [ '1.2.2' ],
418 silly audit   'is-bun-module': [ '2.0.0' ],
418 silly audit   'is-callable': [ '1.2.7' ],
418 silly audit   'is-core-module': [ '2.16.1' ],
418 silly audit   'is-data-view': [ '1.0.2' ],
418 silly audit   'is-date-object': [ '1.1.0' ],
418 silly audit   'is-extglob': [ '2.1.1' ],
418 silly audit   'is-finalizationregistry': [ '1.1.1' ],
418 silly audit   'is-generator-function': [ '1.1.2' ],
418 silly audit   'is-glob': [ '4.0.3' ],
418 silly audit   'is-map': [ '2.0.3' ],
418 silly audit   'is-negative-zero': [ '2.0.3' ],
418 silly audit   'is-number': [ '7.0.0' ],
418 silly audit   'is-number-object': [ '1.1.1' ],
418 silly audit   'is-regex': [ '1.2.1' ],
418 silly audit   'is-set': [ '2.0.3' ],
418 silly audit   'is-shared-array-buffer': [ '1.0.4' ],
418 silly audit   'is-string': [ '1.1.1' ],
418 silly audit   'is-symbol': [ '1.1.1' ],
418 silly audit   'is-typed-array': [ '1.1.15' ],
418 silly audit   'is-weakmap': [ '2.0.2' ],
418 silly audit   'is-weakref': [ '1.1.1' ],
418 silly audit   'is-weakset': [ '2.0.4' ],
418 silly audit   isarray: [ '2.0.5' ],
418 silly audit   isexe: [ '2.0.0' ],
418 silly audit   'iterator.prototype': [ '1.1.5' ],
418 silly audit   'js-tokens': [ '4.0.0' ],
418 silly audit   'js-yaml': [ '4.1.0' ],
418 silly audit   jsesc: [ '3.1.0' ],
418 silly audit   'json-buffer': [ '3.0.1' ],
418 silly audit   'json-schema-traverse': [ '0.4.1' ],
418 silly audit   'json-stable-stringify-without-jsonify': [ '1.0.1' ],
418 silly audit   json5: [ '2.2.3', '1.0.2' ],
418 silly audit   'jsx-ast-utils': [ '3.3.5' ],
418 silly audit   keyv: [ '4.5.4' ],
418 silly audit   'language-subtag-registry': [ '0.3.23' ],
418 silly audit   'language-tags': [ '1.0.9' ],
418 silly audit   levn: [ '0.4.1' ],
418 silly audit   'locate-path': [ '6.0.0' ],
418 silly audit   'lodash.merge': [ '4.6.2' ],
418 silly audit   'loose-envify': [ '1.4.0' ],
418 silly audit   'lru-cache': [ '5.1.1' ],
418 silly audit   'math-intrinsics': [ '1.1.0' ],
418 silly audit   merge2: [ '1.4.1' ],
418 silly audit   micromatch: [ '4.0.8' ],
418 silly audit   minimist: [ '1.2.8' ],
418 silly audit   ms: [ '2.1.3' ],
418 silly audit   nanoid: [ '3.3.11' ],
418 silly audit   'napi-postinstall': [ '0.3.4' ],
418 silly audit   'natural-compare': [ '1.4.0' ],
418 silly audit   next: [ '16.0.0' ],
418 silly audit   'node-releases': [ '2.0.26' ],
418 silly audit   'object-assign': [ '4.1.1' ],
418 silly audit   'object-inspect': [ '1.13.4' ],
418 silly audit   'object-keys': [ '1.1.1' ],
418 silly audit   'object.assign': [ '4.1.7' ],
418 silly audit   'object.entries': [ '1.1.9' ],
418 silly audit   'object.fromentries': [ '2.0.8' ],
418 silly audit   'object.groupby': [ '1.0.3' ],
418 silly audit   'object.values': [ '1.2.1' ],
418 silly audit   optionator: [ '0.9.4' ],
418 silly audit   'own-keys': [ '1.0.1' ],
418 silly audit   'p-limit': [ '3.1.0' ],
418 silly audit   'p-locate': [ '5.0.0' ],
418 silly audit   'parent-module': [ '1.0.1' ],
418 silly audit   'path-exists': [ '4.0.0' ],
418 silly audit   'path-key': [ '3.1.1' ],
418 silly audit   'path-parse': [ '1.0.7' ],
418 silly audit   picocolors: [ '1.1.1' ],
418 silly audit   picomatch: [ '2.3.1', '4.0.3' ],
418 silly audit   'possible-typed-array-names': [ '1.1.0' ],
418 silly audit   postcss: [ '8.4.31' ],
418 silly audit   'prelude-ls': [ '1.2.1' ],
418 silly audit   'prop-types': [ '15.8.1' ],
418 silly audit   punycode: [ '2.3.1' ],
418 silly audit   'queue-microtask': [ '1.2.3' ],
418 silly audit   react: [ '19.2.0' ],
418 silly audit   'react-dom': [ '19.2.0' ],
418 silly audit   'react-is': [ '16.13.1', '19.2.0' ],
418 silly audit   'reflect.getprototypeof': [ '1.0.10' ],
418 silly audit   'regexp.prototype.flags': [ '1.5.4' ],
418 silly audit   'resolve-from': [ '4.0.0' ],
418 silly audit   'resolve-pkg-maps': [ '1.0.0' ],
418 silly audit   reusify: [ '1.1.0' ],
418 silly audit   'run-parallel': [ '1.2.0' ],
418 silly audit   'safe-array-concat': [ '1.1.3' ],
418 silly audit   'safe-push-apply': [ '1.0.0' ],
418 silly audit   'safe-regex-test': [ '1.1.0' ],
418 silly audit   scheduler: [ '0.27.0' ],
418 silly audit   'set-function-length': [ '1.2.2' ],
418 silly audit   'set-function-name': [ '2.0.2' ],
418 silly audit   'set-proto': [ '1.0.0' ],
418 silly audit   sharp: [ '0.34.4' ],
418 silly audit   'shebang-command': [ '2.0.0' ],
418 silly audit   'shebang-regex': [ '3.0.0' ],
418 silly audit   'side-channel': [ '1.1.0' ],
418 silly audit   'side-channel-list': [ '1.0.0' ],
418 silly audit   'side-channel-map': [ '1.0.1' ],
418 silly audit   'side-channel-weakmap': [ '1.0.2' ],
418 silly audit   'source-map-js': [ '1.2.1' ],
418 silly audit   'stable-hash': [ '0.0.5' ],
418 silly audit   'stop-iteration-iterator': [ '1.1.0' ],
418 silly audit   'string.prototype.includes': [ '2.0.1' ],
418 silly audit   'string.prototype.matchall': [ '4.0.12' ],
418 silly audit   'string.prototype.repeat': [ '1.0.0' ],
418 silly audit   'string.prototype.trim': [ '1.2.10' ],
418 silly audit   'string.prototype.trimend': [ '1.0.9' ],
418 silly audit   'string.prototype.trimstart': [ '1.0.8' ],
418 silly audit   'strip-bom': [ '3.0.0' ],
418 silly audit   'strip-json-comments': [ '3.1.1' ],
418 silly audit   'styled-jsx': [ '5.1.6' ],
418 silly audit   'supports-color': [ '7.2.0' ],
418 silly audit   'supports-preserve-symlinks-flag': [ '1.0.0' ],
418 silly audit   tinyglobby: [ '0.2.15' ],
418 silly audit   fdir: [ '6.5.0' ],
418 silly audit   'to-regex-range': [ '5.0.1' ],
418 silly audit   'ts-api-utils': [ '2.1.0' ],
418 silly audit   'tsconfig-paths': [ '3.15.0' ],
418 silly audit   tslib: [ '2.8.1' ],
418 silly audit   'type-check': [ '0.4.0' ],
418 silly audit   'typed-array-buffer': [ '1.0.3' ],
418 silly audit   'typed-array-byte-length': [ '1.0.3' ],
418 silly audit   'typed-array-byte-offset': [ '1.0.4' ],
418 silly audit   'typed-array-length': [ '1.0.7' ],
418 silly audit   typescript: [ '5.9.3' ],
418 silly audit   'typescript-eslint': [ '8.46.2' ],
418 silly audit   'unbox-primitive': [ '1.1.0' ],
418 silly audit   'undici-types': [ '6.21.0' ],
418 silly audit   'unrs-resolver': [ '1.11.1' ],
418 silly audit   'update-browserslist-db': [ '1.1.4' ],
418 silly audit   'uri-js': [ '4.4.1' ],
418 silly audit   which: [ '2.0.2' ],
418 silly audit   'which-boxed-primitive': [ '1.1.1' ],
418 silly audit   'which-builtin-type': [ '1.2.1' ],
418 silly audit   'which-collection': [ '1.0.2' ],
418 silly audit   'which-typed-array': [ '1.1.19' ],
418 silly audit   'word-wrap': [ '1.2.5' ],
418 silly audit   yallist: [ '3.1.1' ],
418 silly audit   'yocto-queue': [ '0.1.0' ],
418 silly audit   zod: [ '4.1.12' ],
418 silly audit   'zod-validation-error': [ '4.0.2' ],
418 silly audit   '@emotion/react': [ '11.14.0' ],
418 silly audit   '@emotion/styled': [ '11.14.1' ],
418 silly audit   '@mui/icons-material': [ '7.3.4' ],
418 silly audit   '@mui/material': [ '7.3.4' ],
418 silly audit   '@supabase/supabase-js': [ '2.76.1' ],
418 silly audit   swr: [ '2.3.6' ],
418 silly audit   '@babel/runtime': [ '7.28.4' ],
418 silly audit   '@emotion/babel-plugin': [ '11.13.5' ],
418 silly audit   '@emotion/cache': [ '11.14.0' ],
418 silly audit   '@emotion/serialize': [ '1.3.3' ],
418 silly audit   '@emotion/use-insertion-effect-with-fallbacks': [ '1.2.0' ],
418 silly audit   '@emotion/utils': [ '1.4.2' ],
418 silly audit   '@emotion/weak-memoize': [ '0.4.0' ],
418 silly audit   'hoist-non-react-statics': [ '3.3.2' ],
418 silly audit   '@emotion/hash': [ '0.9.2' ],
418 silly audit   '@emotion/memoize': [ '0.9.0' ],
418 silly audit   'babel-plugin-macros': [ '3.1.0' ],
418 silly audit   'find-root': [ '1.1.0' ],
418 silly audit   'source-map': [ '0.5.7' ],
418 silly audit   stylis: [ '4.2.0' ],
418 silly audit   '@emotion/sheet': [ '1.4.0' ],
418 silly audit   '@emotion/unitless': [ '0.10.0' ],
418 silly audit   '@emotion/is-prop-valid': [ '1.4.0' ],
418 silly audit   '@mui/core-downloads-tracker': [ '7.3.4' ],
418 silly audit   '@mui/system': [ '7.3.3' ],
418 silly audit   '@mui/types': [ '7.4.7' ],
418 silly audit   '@mui/utils': [ '7.3.3' ],
418 silly audit   '@popperjs/core': [ '2.11.8' ],
418 silly audit   '@types/react-transition-group': [ '4.4.12' ],
418 silly audit   clsx: [ '2.1.1' ],
418 silly audit   'react-transition-group': [ '4.4.5' ],
418 silly audit   '@mui/private-theming': [ '7.3.3' ],
418 silly audit   '@mui/styled-engine': [ '7.3.3' ],
418 silly audit   '@types/prop-types': [ '15.7.15' ],
418 silly audit   '@supabase/auth-js': [ '2.76.1' ],
418 silly audit   '@supabase/functions-js': [ '2.76.1' ],
418 silly audit   '@supabase/node-fetch': [ '2.6.15' ],
418 silly audit   '@supabase/postgrest-js': [ '2.76.1' ],
418 silly audit   '@supabase/realtime-js': [ '2.76.1' ],
418 silly audit   '@supabase/storage-js': [ '2.76.1' ],
418 silly audit   'whatwg-url': [ '5.0.0' ],
418 silly audit   '@types/phoenix': [ '1.6.6' ],
418 silly audit   '@types/ws': [ '8.18.1' ],
418 silly audit   ws: [ '8.18.3' ],
418 silly audit   cosmiconfig: [ '7.1.0' ],
418 silly audit   '@types/parse-json': [ '4.0.2' ],
418 silly audit   'parse-json': [ '5.2.0' ],
418 silly audit   'path-type': [ '4.0.0' ],
418 silly audit   yaml: [ '1.10.2' ],
418 silly audit   'error-ex': [ '1.3.4' ],
418 silly audit   'json-parse-even-better-errors': [ '2.3.1' ],
418 silly audit   'lines-and-columns': [ '1.2.4' ],
418 silly audit   'is-arrayish': [ '0.2.1' ],
418 silly audit   'dom-helpers': [ '5.2.1' ],
418 silly audit   dequal: [ '2.0.3' ],
418 silly audit   'use-sync-external-store': [ '1.6.0' ],
418 silly audit   tr46: [ '0.0.3' ],
418 silly audit   'webidl-conversions': [ '3.0.1' ]
418 silly audit }
419 verbose reify failed optional dependency /Users/gc/pent_up/unsent/node_modules/@unrs/resolver-binding-win32-x64-msvc
420 silly reify mark deleted [
420 silly reify   '/Users/gc/pent_up/unsent/node_modules/@unrs/resolver-binding-win32-x64-msvc'
420 silly reify ]
421 verbose reify failed optional dependency /Users/gc/pent_up/unsent/node_modules/@unrs/resolver-binding-win32-ia32-msvc
422 silly reify mark deleted [
422 silly reify   '/Users/gc/pent_up/unsent/node_modules/@unrs/resolver-binding-win32-ia32-msvc'
422 silly reify ]
423 verbose reify failed optional dependency /Users/gc/pent_up/unsent/node_modules/@unrs/resolver-binding-win32-arm64-msvc
424 silly reify mark deleted [
424 silly reify   '/Users/gc/pent_up/unsent/node_modules/@unrs/resolver-binding-win32-arm64-msvc'
424 silly reify ]
425 verbose reify failed optional dependency /Users/gc/pent_up/unsent/node_modules/@unrs/resolver-binding-wasm32-wasi
426 silly reify mark deleted [
426 silly reify   '/Users/gc/pent_up/unsent/node_modules/@unrs/resolver-binding-wasm32-wasi'
426 silly reify ]
427 verbose reify failed optional dependency /Users/gc/pent_up/unsent/node_modules/@napi-rs/wasm-runtime
428 silly reify mark deleted [ '/Users/gc/pent_up/unsent/node_modules/@napi-rs/wasm-runtime' ]
429 verbose reify failed optional dependency /Users/gc/pent_up/unsent/node_modules/@emnapi/core
430 silly reify mark deleted [ '/Users/gc/pent_up/unsent/node_modules/@emnapi/core' ]
431 verbose reify failed optional dependency /Users/gc/pent_up/unsent/node_modules/@tybys/wasm-util
432 silly reify mark deleted [ '/Users/gc/pent_up/unsent/node_modules/@tybys/wasm-util' ]
433 verbose reify failed optional dependency /Users/gc/pent_up/unsent/node_modules/@emnapi/wasi-threads
434 silly reify mark deleted [ '/Users/gc/pent_up/unsent/node_modules/@emnapi/wasi-threads' ]
435 verbose reify failed optional dependency /Users/gc/pent_up/unsent/node_modules/@unrs/resolver-binding-linux-x64-musl
436 silly reify mark deleted [
436 silly reify   '/Users/gc/pent_up/unsent/node_modules/@unrs/resolver-binding-linux-x64-musl'
436 silly reify ]
437 verbose reify failed optional dependency /Users/gc/pent_up/unsent/node_modules/@unrs/resolver-binding-linux-x64-gnu
438 silly reify mark deleted [
438 silly reify   '/Users/gc/pent_up/unsent/node_modules/@unrs/resolver-binding-linux-x64-gnu'
438 silly reify ]
439 verbose reify failed optional dependency /Users/gc/pent_up/unsent/node_modules/@unrs/resolver-binding-linux-s390x-gnu
440 silly reify mark deleted [
440 silly reify   '/Users/gc/pent_up/unsent/node_modules/@unrs/resolver-binding-linux-s390x-gnu'
440 silly reify ]
441 verbose reify failed optional dependency /Users/gc/pent_up/unsent/node_modules/@unrs/resolver-binding-linux-riscv64-musl
442 silly reify mark deleted [
442 silly reify   '/Users/gc/pent_up/unsent/node_modules/@unrs/resolver-binding-linux-riscv64-musl'
442 silly reify ]
443 verbose reify failed optional dependency /Users/gc/pent_up/unsent/node_modules/@unrs/resolver-binding-linux-riscv64-gnu
444 silly reify mark deleted [
444 silly reify   '/Users/gc/pent_up/unsent/node_modules/@unrs/resolver-binding-linux-riscv64-gnu'
444 silly reify ]
445 verbose reify failed optional dependency /Users/gc/pent_up/unsent/node_modules/@unrs/resolver-binding-linux-ppc64-gnu
446 silly reify mark deleted [
446 silly reify   '/Users/gc/pent_up/unsent/node_modules/@unrs/resolver-binding-linux-ppc64-gnu'
446 silly reify ]
447 verbose reify failed optional dependency /Users/gc/pent_up/unsent/node_modules/@unrs/resolver-binding-linux-arm64-musl
448 silly reify mark deleted [
448 silly reify   '/Users/gc/pent_up/unsent/node_modules/@unrs/resolver-binding-linux-arm64-musl'
448 silly reify ]
449 verbose reify failed optional dependency /Users/gc/pent_up/unsent/node_modules/@unrs/resolver-binding-linux-arm64-gnu
450 silly reify mark deleted [
450 silly reify   '/Users/gc/pent_up/unsent/node_modules/@unrs/resolver-binding-linux-arm64-gnu'
450 silly reify ]
451 verbose reify failed optional dependency /Users/gc/pent_up/unsent/node_modules/@unrs/resolver-binding-linux-arm-musleabihf
452 silly reify mark deleted [
452 silly reify   '/Users/gc/pent_up/unsent/node_modules/@unrs/resolver-binding-linux-arm-musleabihf'
452 silly reify ]
453 verbose reify failed optional dependency /Users/gc/pent_up/unsent/node_modules/@unrs/resolver-binding-linux-arm-gnueabihf
454 silly reify mark deleted [
454 silly reify   '/Users/gc/pent_up/unsent/node_modules/@unrs/resolver-binding-linux-arm-gnueabihf'
454 silly reify ]
455 verbose reify failed optional dependency /Users/gc/pent_up/unsent/node_modules/@unrs/resolver-binding-freebsd-x64
456 silly reify mark deleted [
456 silly reify   '/Users/gc/pent_up/unsent/node_modules/@unrs/resolver-binding-freebsd-x64'
456 silly reify ]
457 verbose reify failed optional dependency /Users/gc/pent_up/unsent/node_modules/@unrs/resolver-binding-darwin-x64
458 silly reify mark deleted [
458 silly reify   '/Users/gc/pent_up/unsent/node_modules/@unrs/resolver-binding-darwin-x64'
458 silly reify ]
459 verbose reify failed optional dependency /Users/gc/pent_up/unsent/node_modules/@unrs/resolver-binding-android-arm64
460 silly reify mark deleted [
460 silly reify   '/Users/gc/pent_up/unsent/node_modules/@unrs/resolver-binding-android-arm64'
460 silly reify ]
461 verbose reify failed optional dependency /Users/gc/pent_up/unsent/node_modules/@unrs/resolver-binding-android-arm-eabi
462 silly reify mark deleted [
462 silly reify   '/Users/gc/pent_up/unsent/node_modules/@unrs/resolver-binding-android-arm-eabi'
462 silly reify ]
463 verbose reify failed optional dependency /Users/gc/pent_up/unsent/node_modules/@next/swc-win32-x64-msvc
464 silly reify mark deleted [ '/Users/gc/pent_up/unsent/node_modules/@next/swc-win32-x64-msvc' ]
465 verbose reify failed optional dependency /Users/gc/pent_up/unsent/node_modules/@next/swc-win32-arm64-msvc
466 silly reify mark deleted [ '/Users/gc/pent_up/unsent/node_modules/@next/swc-win32-arm64-msvc' ]
467 verbose reify failed optional dependency /Users/gc/pent_up/unsent/node_modules/@next/swc-linux-x64-musl
468 silly reify mark deleted [ '/Users/gc/pent_up/unsent/node_modules/@next/swc-linux-x64-musl' ]
469 verbose reify failed optional dependency /Users/gc/pent_up/unsent/node_modules/@next/swc-linux-x64-gnu
470 silly reify mark deleted [ '/Users/gc/pent_up/unsent/node_modules/@next/swc-linux-x64-gnu' ]
471 verbose reify failed optional dependency /Users/gc/pent_up/unsent/node_modules/@next/swc-linux-arm64-musl
472 silly reify mark deleted [ '/Users/gc/pent_up/unsent/node_modules/@next/swc-linux-arm64-musl' ]
473 verbose reify failed optional dependency /Users/gc/pent_up/unsent/node_modules/@next/swc-linux-arm64-gnu
474 silly reify mark deleted [ '/Users/gc/pent_up/unsent/node_modules/@next/swc-linux-arm64-gnu' ]
475 verbose reify failed optional dependency /Users/gc/pent_up/unsent/node_modules/@next/swc-darwin-x64
476 silly reify mark deleted [ '/Users/gc/pent_up/unsent/node_modules/@next/swc-darwin-x64' ]
477 verbose reify failed optional dependency /Users/gc/pent_up/unsent/node_modules/@img/sharp-win32-x64
478 silly reify mark deleted [ '/Users/gc/pent_up/unsent/node_modules/@img/sharp-win32-x64' ]
479 verbose reify failed optional dependency /Users/gc/pent_up/unsent/node_modules/@img/sharp-win32-ia32
480 silly reify mark deleted [ '/Users/gc/pent_up/unsent/node_modules/@img/sharp-win32-ia32' ]
481 verbose reify failed optional dependency /Users/gc/pent_up/unsent/node_modules/@img/sharp-win32-arm64
482 silly reify mark deleted [ '/Users/gc/pent_up/unsent/node_modules/@img/sharp-win32-arm64' ]
483 verbose reify failed optional dependency /Users/gc/pent_up/unsent/node_modules/@img/sharp-wasm32
484 silly reify mark deleted [ '/Users/gc/pent_up/unsent/node_modules/@img/sharp-wasm32' ]
485 verbose reify failed optional dependency /Users/gc/pent_up/unsent/node_modules/@img/sharp-linuxmusl-x64
486 silly reify mark deleted [ '/Users/gc/pent_up/unsent/node_modules/@img/sharp-linuxmusl-x64' ]
487 verbose reify failed optional dependency /Users/gc/pent_up/unsent/node_modules/@img/sharp-linuxmusl-arm64
488 silly reify mark deleted [ '/Users/gc/pent_up/unsent/node_modules/@img/sharp-linuxmusl-arm64' ]
489 verbose reify failed optional dependency /Users/gc/pent_up/unsent/node_modules/@img/sharp-linux-x64
490 silly reify mark deleted [ '/Users/gc/pent_up/unsent/node_modules/@img/sharp-linux-x64' ]
491 verbose reify failed optional dependency /Users/gc/pent_up/unsent/node_modules/@img/sharp-linux-s390x
492 silly reify mark deleted [ '/Users/gc/pent_up/unsent/node_modules/@img/sharp-linux-s390x' ]
493 verbose reify failed optional dependency /Users/gc/pent_up/unsent/node_modules/@img/sharp-linux-ppc64
494 silly reify mark deleted [ '/Users/gc/pent_up/unsent/node_modules/@img/sharp-linux-ppc64' ]
495 verbose reify failed optional dependency /Users/gc/pent_up/unsent/node_modules/@img/sharp-linux-arm64
496 silly reify mark deleted [ '/Users/gc/pent_up/unsent/node_modules/@img/sharp-linux-arm64' ]
497 verbose reify failed optional dependency /Users/gc/pent_up/unsent/node_modules/@img/sharp-linux-arm
498 silly reify mark deleted [ '/Users/gc/pent_up/unsent/node_modules/@img/sharp-linux-arm' ]
499 verbose reify failed optional dependency /Users/gc/pent_up/unsent/node_modules/@img/sharp-libvips-linuxmusl-x64
500 silly reify mark deleted [
500 silly reify   '/Users/gc/pent_up/unsent/node_modules/@img/sharp-libvips-linuxmusl-x64'
500 silly reify ]
501 verbose reify failed optional dependency /Users/gc/pent_up/unsent/node_modules/@img/sharp-libvips-linuxmusl-arm64
502 silly reify mark deleted [
502 silly reify   '/Users/gc/pent_up/unsent/node_modules/@img/sharp-libvips-linuxmusl-arm64'
502 silly reify ]
503 verbose reify failed optional dependency /Users/gc/pent_up/unsent/node_modules/@img/sharp-libvips-linux-x64
504 silly reify mark deleted [
504 silly reify   '/Users/gc/pent_up/unsent/node_modules/@img/sharp-libvips-linux-x64'
504 silly reify ]
505 verbose reify failed optional dependency /Users/gc/pent_up/unsent/node_modules/@img/sharp-libvips-linux-s390x
506 silly reify mark deleted [
506 silly reify   '/Users/gc/pent_up/unsent/node_modules/@img/sharp-libvips-linux-s390x'
506 silly reify ]
507 verbose reify failed optional dependency /Users/gc/pent_up/unsent/node_modules/@img/sharp-libvips-linux-ppc64
508 silly reify mark deleted [
508 silly reify   '/Users/gc/pent_up/unsent/node_modules/@img/sharp-libvips-linux-ppc64'
508 silly reify ]
509 verbose reify failed optional dependency /Users/gc/pent_up/unsent/node_modules/@img/sharp-libvips-linux-arm64
510 silly reify mark deleted [
510 silly reify   '/Users/gc/pent_up/unsent/node_modules/@img/sharp-libvips-linux-arm64'
510 silly reify ]
511 verbose reify failed optional dependency /Users/gc/pent_up/unsent/node_modules/@img/sharp-libvips-linux-arm
512 silly reify mark deleted [
512 silly reify   '/Users/gc/pent_up/unsent/node_modules/@img/sharp-libvips-linux-arm'
512 silly reify ]
513 verbose reify failed optional dependency /Users/gc/pent_up/unsent/node_modules/@img/sharp-libvips-darwin-x64
514 silly reify mark deleted [
514 silly reify   '/Users/gc/pent_up/unsent/node_modules/@img/sharp-libvips-darwin-x64'
514 silly reify ]
515 verbose reify failed optional dependency /Users/gc/pent_up/unsent/node_modules/@img/sharp-darwin-x64
516 silly reify mark deleted [ '/Users/gc/pent_up/unsent/node_modules/@img/sharp-darwin-x64' ]
517 http cache webidl-conversions@https://registry.npmjs.org/webidl-conversions/-/webidl-conversions-3.0.1.tgz 0ms (cache hit)
518 http cache tr46@https://registry.npmjs.org/tr46/-/tr46-0.0.3.tgz 0ms (cache hit)
519 http cache dom-helpers@https://registry.npmjs.org/dom-helpers/-/dom-helpers-5.2.1.tgz 0ms (cache hit)
520 http cache use-sync-external-store@https://registry.npmjs.org/use-sync-external-store/-/use-sync-external-store-1.6.0.tgz 0ms (cache hit)
521 http cache dequal@https://registry.npmjs.org/dequal/-/dequal-2.0.3.tgz 0ms (cache hit)
522 http cache json-parse-even-better-errors@https://registry.npmjs.org/json-parse-even-better-errors/-/json-parse-even-better-errors-2.3.1.tgz 0ms (cache hit)
523 http cache error-ex@https://registry.npmjs.org/error-ex/-/error-ex-1.3.4.tgz 0ms (cache hit)
524 http cache yaml@https://registry.npmjs.org/yaml/-/yaml-1.10.2.tgz 0ms (cache hit)
525 http cache path-type@https://registry.npmjs.org/path-type/-/path-type-4.0.0.tgz 0ms (cache hit)
526 http cache parse-json@https://registry.npmjs.org/parse-json/-/parse-json-5.2.0.tgz 0ms (cache hit)
527 http cache lines-and-columns@https://registry.npmjs.org/lines-and-columns/-/lines-and-columns-1.2.4.tgz 0ms (cache hit)
528 http cache @types/parse-json@https://registry.npmjs.org/@types/parse-json/-/parse-json-4.0.2.tgz 0ms (cache hit)
529 http cache is-arrayish@https://registry.npmjs.org/is-arrayish/-/is-arrayish-0.2.1.tgz 0ms (cache hit)
530 http cache cosmiconfig@https://registry.npmjs.org/cosmiconfig/-/cosmiconfig-7.1.0.tgz 0ms (cache hit)
531 http cache @types/ws@https://registry.npmjs.org/@types/ws/-/ws-8.18.1.tgz 0ms (cache hit)
532 http cache whatwg-url@https://registry.npmjs.org/whatwg-url/-/whatwg-url-5.0.0.tgz 0ms (cache hit)
533 http cache @supabase/storage-js@https://registry.npmjs.org/@supabase/storage-js/-/storage-js-2.76.1.tgz 0ms (cache hit)
534 http cache @supabase/realtime-js@https://registry.npmjs.org/@supabase/realtime-js/-/realtime-js-2.76.1.tgz 0ms (cache hit)
535 http cache ws@https://registry.npmjs.org/ws/-/ws-8.18.3.tgz 0ms (cache hit)
536 http cache @supabase/postgrest-js@https://registry.npmjs.org/@supabase/postgrest-js/-/postgrest-js-2.76.1.tgz 0ms (cache hit)
537 http cache @types/phoenix@https://registry.npmjs.org/@types/phoenix/-/phoenix-1.6.6.tgz 0ms (cache hit)
538 http cache @supabase/node-fetch@https://registry.npmjs.org/@supabase/node-fetch/-/node-fetch-2.6.15.tgz 0ms (cache hit)
539 http cache @types/prop-types@https://registry.npmjs.org/@types/prop-types/-/prop-types-15.7.15.tgz 0ms (cache hit)
540 http cache @mui/styled-engine@https://registry.npmjs.org/@mui/styled-engine/-/styled-engine-7.3.3.tgz 0ms (cache hit)
541 http cache react-transition-group@https://registry.npmjs.org/react-transition-group/-/react-transition-group-4.4.5.tgz 0ms (cache hit)
542 http cache @supabase/auth-js@https://registry.npmjs.org/@supabase/auth-js/-/auth-js-2.76.1.tgz 0ms (cache hit)
543 http cache @mui/private-theming@https://registry.npmjs.org/@mui/private-theming/-/private-theming-7.3.3.tgz 0ms (cache hit)
544 http cache clsx@https://registry.npmjs.org/clsx/-/clsx-2.1.1.tgz 0ms (cache hit)
545 http cache @supabase/functions-js@https://registry.npmjs.org/@supabase/functions-js/-/functions-js-2.76.1.tgz 0ms (cache hit)
546 http cache @popperjs/core@https://registry.npmjs.org/@popperjs/core/-/core-2.11.8.tgz 0ms (cache hit)
547 http cache @mui/utils@https://registry.npmjs.org/@mui/utils/-/utils-7.3.3.tgz 0ms (cache hit)
548 http cache @types/react-transition-group@https://registry.npmjs.org/@types/react-transition-group/-/react-transition-group-4.4.12.tgz 0ms (cache hit)
549 http cache @mui/types@https://registry.npmjs.org/@mui/types/-/types-7.4.7.tgz 0ms (cache hit)
550 http cache @mui/system@https://registry.npmjs.org/@mui/system/-/system-7.3.3.tgz 0ms (cache hit)
551 http cache @mui/core-downloads-tracker@https://registry.npmjs.org/@mui/core-downloads-tracker/-/core-downloads-tracker-7.3.4.tgz 0ms (cache hit)
552 http cache @emotion/is-prop-valid@https://registry.npmjs.org/@emotion/is-prop-valid/-/is-prop-valid-1.4.0.tgz 0ms (cache hit)
553 http cache @emotion/sheet@https://registry.npmjs.org/@emotion/sheet/-/sheet-1.4.0.tgz 0ms (cache hit)
554 http cache source-map@https://registry.npmjs.org/source-map/-/source-map-0.5.7.tgz 0ms (cache hit)
555 http cache @emotion/unitless@https://registry.npmjs.org/@emotion/unitless/-/unitless-0.10.0.tgz 0ms (cache hit)
556 http cache babel-plugin-macros@https://registry.npmjs.org/babel-plugin-macros/-/babel-plugin-macros-3.1.0.tgz 0ms (cache hit)
557 http cache stylis@https://registry.npmjs.org/stylis/-/stylis-4.2.0.tgz 0ms (cache hit)
558 http cache find-root@https://registry.npmjs.org/find-root/-/find-root-1.1.0.tgz 0ms (cache hit)
559 http cache @emotion/hash@https://registry.npmjs.org/@emotion/hash/-/hash-0.9.2.tgz 0ms (cache hit)
560 http cache @emotion/memoize@https://registry.npmjs.org/@emotion/memoize/-/memoize-0.9.0.tgz 0ms (cache hit)
561 http cache hoist-non-react-statics@https://registry.npmjs.org/hoist-non-react-statics/-/hoist-non-react-statics-3.3.2.tgz 0ms (cache hit)
562 http cache @emotion/weak-memoize@https://registry.npmjs.org/@emotion/weak-memoize/-/weak-memoize-0.4.0.tgz 0ms (cache hit)
563 http cache @emotion/serialize@https://registry.npmjs.org/@emotion/serialize/-/serialize-1.3.3.tgz 0ms (cache hit)
564 http cache @emotion/utils@https://registry.npmjs.org/@emotion/utils/-/utils-1.4.2.tgz 0ms (cache hit)
565 http cache @emotion/babel-plugin@https://registry.npmjs.org/@emotion/babel-plugin/-/babel-plugin-11.13.5.tgz 0ms (cache hit)
566 http cache @emotion/use-insertion-effect-with-fallbacks@https://registry.npmjs.org/@emotion/use-insertion-effect-with-fallbacks/-/use-insertion-effect-with-fallbacks-1.2.0.tgz 0ms (cache hit)
567 http cache @emotion/cache@https://registry.npmjs.org/@emotion/cache/-/cache-11.14.0.tgz 0ms (cache hit)
568 http cache @babel/runtime@https://registry.npmjs.org/@babel/runtime/-/runtime-7.28.4.tgz 0ms (cache hit)
569 http cache swr@https://registry.npmjs.org/swr/-/swr-2.3.6.tgz 0ms (cache hit)
570 http cache @supabase/supabase-js@https://registry.npmjs.org/@supabase/supabase-js/-/supabase-js-2.76.1.tgz 0ms (cache hit)
571 http cache @mui/icons-material@https://registry.npmjs.org/@mui/icons-material/-/icons-material-7.3.4.tgz 0ms (cache hit)
572 http cache @emotion/react@https://registry.npmjs.org/@emotion/react/-/react-11.14.0.tgz 0ms (cache hit)
573 http cache @emotion/styled@https://registry.npmjs.org/@emotion/styled/-/styled-11.14.1.tgz 0ms (cache hit)
574 http cache @mui/material@https://registry.npmjs.org/@mui/material/-/material-7.3.4.tgz 0ms (cache hit)
575 http cache react-is@https://registry.npmjs.org/react-is/-/react-is-19.2.0.tgz 0ms (cache hit)
576 http cache convert-source-map@https://registry.npmjs.org/convert-source-map/-/convert-source-map-1.9.0.tgz 0ms (cache hit)
577 http cache @napi-rs/wasm-runtime@https://registry.npmjs.org/@napi-rs/wasm-runtime/-/wasm-runtime-0.2.12.tgz 0ms (cache hit)
578 http cache @emnapi/core@https://registry.npmjs.org/@emnapi/core/-/core-1.6.0.tgz 0ms (cache hit)
579 http cache @tybys/wasm-util@https://registry.npmjs.org/@tybys/wasm-util/-/wasm-util-0.10.1.tgz 0ms (cache hit)
580 http cache react-is@https://registry.npmjs.org/react-is/-/react-is-19.2.0.tgz 0ms (cache hit)
581 silly tarball no local data for webidl-conversions@https://registry.npmjs.org/webidl-conversions/-/webidl-conversions-3.0.1.tgz. Extracting by manifest.
582 silly tarball no local data for tr46@https://registry.npmjs.org/tr46/-/tr46-0.0.3.tgz. Extracting by manifest.
583 http cache @emnapi/wasi-threads@https://registry.npmjs.org/@emnapi/wasi-threads/-/wasi-threads-1.1.0.tgz 0ms (cache hit)
584 silly tarball no local data for dom-helpers@https://registry.npmjs.org/dom-helpers/-/dom-helpers-5.2.1.tgz. Extracting by manifest.
585 silly tarball no local data for use-sync-external-store@https://registry.npmjs.org/use-sync-external-store/-/use-sync-external-store-1.6.0.tgz. Extracting by manifest.
586 silly tarball no local data for dequal@https://registry.npmjs.org/dequal/-/dequal-2.0.3.tgz. Extracting by manifest.
587 silly tarball no local data for json-parse-even-better-errors@https://registry.npmjs.org/json-parse-even-better-errors/-/json-parse-even-better-errors-2.3.1.tgz. Extracting by manifest.
588 silly tarball no local data for error-ex@https://registry.npmjs.org/error-ex/-/error-ex-1.3.4.tgz. Extracting by manifest.
589 silly tarball no local data for yaml@https://registry.npmjs.org/yaml/-/yaml-1.10.2.tgz. Extracting by manifest.
590 silly tarball no local data for path-type@https://registry.npmjs.org/path-type/-/path-type-4.0.0.tgz. Extracting by manifest.
591 silly tarball no local data for parse-json@https://registry.npmjs.org/parse-json/-/parse-json-5.2.0.tgz. Extracting by manifest.
592 silly tarball no local data for lines-and-columns@https://registry.npmjs.org/lines-and-columns/-/lines-and-columns-1.2.4.tgz. Extracting by manifest.
593 silly tarball no local data for @types/parse-json@https://registry.npmjs.org/@types/parse-json/-/parse-json-4.0.2.tgz. Extracting by manifest.
594 silly tarball no local data for is-arrayish@https://registry.npmjs.org/is-arrayish/-/is-arrayish-0.2.1.tgz. Extracting by manifest.
595 silly tarball no local data for cosmiconfig@https://registry.npmjs.org/cosmiconfig/-/cosmiconfig-7.1.0.tgz. Extracting by manifest.
596 silly tarball no local data for @types/ws@https://registry.npmjs.org/@types/ws/-/ws-8.18.1.tgz. Extracting by manifest.
597 silly tarball no local data for whatwg-url@https://registry.npmjs.org/whatwg-url/-/whatwg-url-5.0.0.tgz. Extracting by manifest.
598 silly tarball no local data for @supabase/storage-js@https://registry.npmjs.org/@supabase/storage-js/-/storage-js-2.76.1.tgz. Extracting by manifest.
599 silly tarball no local data for @supabase/realtime-js@https://registry.npmjs.org/@supabase/realtime-js/-/realtime-js-2.76.1.tgz. Extracting by manifest.
600 silly tarball no local data for ws@https://registry.npmjs.org/ws/-/ws-8.18.3.tgz. Extracting by manifest.
601 silly tarball no local data for @supabase/postgrest-js@https://registry.npmjs.org/@supabase/postgrest-js/-/postgrest-js-2.76.1.tgz. Extracting by manifest.
602 silly tarball no local data for @types/phoenix@https://registry.npmjs.org/@types/phoenix/-/phoenix-1.6.6.tgz. Extracting by manifest.
603 silly tarball no local data for @supabase/node-fetch@https://registry.npmjs.org/@supabase/node-fetch/-/node-fetch-2.6.15.tgz. Extracting by manifest.
604 silly tarball no local data for @types/prop-types@https://registry.npmjs.org/@types/prop-types/-/prop-types-15.7.15.tgz. Extracting by manifest.
605 silly tarball no local data for @mui/styled-engine@https://registry.npmjs.org/@mui/styled-engine/-/styled-engine-7.3.3.tgz. Extracting by manifest.
606 silly tarball no local data for react-transition-group@https://registry.npmjs.org/react-transition-group/-/react-transition-group-4.4.5.tgz. Extracting by manifest.
607 silly tarball no local data for @supabase/auth-js@https://registry.npmjs.org/@supabase/auth-js/-/auth-js-2.76.1.tgz. Extracting by manifest.
608 silly tarball no local data for @mui/private-theming@https://registry.npmjs.org/@mui/private-theming/-/private-theming-7.3.3.tgz. Extracting by manifest.
609 silly tarball no local data for clsx@https://registry.npmjs.org/clsx/-/clsx-2.1.1.tgz. Extracting by manifest.
610 silly tarball no local data for @supabase/functions-js@https://registry.npmjs.org/@supabase/functions-js/-/functions-js-2.76.1.tgz. Extracting by manifest.
611 silly tarball no local data for @popperjs/core@https://registry.npmjs.org/@popperjs/core/-/core-2.11.8.tgz. Extracting by manifest.
612 silly tarball no local data for @mui/utils@https://registry.npmjs.org/@mui/utils/-/utils-7.3.3.tgz. Extracting by manifest.
613 silly tarball no local data for @types/react-transition-group@https://registry.npmjs.org/@types/react-transition-group/-/react-transition-group-4.4.12.tgz. Extracting by manifest.
614 silly tarball no local data for @mui/types@https://registry.npmjs.org/@mui/types/-/types-7.4.7.tgz. Extracting by manifest.
615 silly tarball no local data for @mui/system@https://registry.npmjs.org/@mui/system/-/system-7.3.3.tgz. Extracting by manifest.
616 silly tarball no local data for @mui/core-downloads-tracker@https://registry.npmjs.org/@mui/core-downloads-tracker/-/core-downloads-tracker-7.3.4.tgz. Extracting by manifest.
617 silly tarball no local data for @emotion/is-prop-valid@https://registry.npmjs.org/@emotion/is-prop-valid/-/is-prop-valid-1.4.0.tgz. Extracting by manifest.
618 silly tarball no local data for @emotion/sheet@https://registry.npmjs.org/@emotion/sheet/-/sheet-1.4.0.tgz. Extracting by manifest.
619 silly tarball no local data for source-map@https://registry.npmjs.org/source-map/-/source-map-0.5.7.tgz. Extracting by manifest.
620 silly tarball no local data for @emotion/unitless@https://registry.npmjs.org/@emotion/unitless/-/unitless-0.10.0.tgz. Extracting by manifest.
621 silly tarball no local data for babel-plugin-macros@https://registry.npmjs.org/babel-plugin-macros/-/babel-plugin-macros-3.1.0.tgz. Extracting by manifest.
622 silly tarball no local data for stylis@https://registry.npmjs.org/stylis/-/stylis-4.2.0.tgz. Extracting by manifest.
623 silly tarball no local data for find-root@https://registry.npmjs.org/find-root/-/find-root-1.1.0.tgz. Extracting by manifest.
624 silly tarball no local data for @emotion/hash@https://registry.npmjs.org/@emotion/hash/-/hash-0.9.2.tgz. Extracting by manifest.
625 silly tarball no local data for @emotion/memoize@https://registry.npmjs.org/@emotion/memoize/-/memoize-0.9.0.tgz. Extracting by manifest.
626 silly tarball no local data for hoist-non-react-statics@https://registry.npmjs.org/hoist-non-react-statics/-/hoist-non-react-statics-3.3.2.tgz. Extracting by manifest.
627 silly tarball no local data for @emotion/weak-memoize@https://registry.npmjs.org/@emotion/weak-memoize/-/weak-memoize-0.4.0.tgz. Extracting by manifest.
628 silly tarball no local data for @emotion/serialize@https://registry.npmjs.org/@emotion/serialize/-/serialize-1.3.3.tgz. Extracting by manifest.
629 silly tarball no local data for @emotion/utils@https://registry.npmjs.org/@emotion/utils/-/utils-1.4.2.tgz. Extracting by manifest.
630 silly tarball no local data for @emotion/babel-plugin@https://registry.npmjs.org/@emotion/babel-plugin/-/babel-plugin-11.13.5.tgz. Extracting by manifest.
631 silly tarball no local data for @emotion/use-insertion-effect-with-fallbacks@https://registry.npmjs.org/@emotion/use-insertion-effect-with-fallbacks/-/use-insertion-effect-with-fallbacks-1.2.0.tgz. Extracting by manifest.
632 silly tarball no local data for @emotion/cache@https://registry.npmjs.org/@emotion/cache/-/cache-11.14.0.tgz. Extracting by manifest.
633 silly tarball no local data for @babel/runtime@https://registry.npmjs.org/@babel/runtime/-/runtime-7.28.4.tgz. Extracting by manifest.
634 silly tarball no local data for swr@https://registry.npmjs.org/swr/-/swr-2.3.6.tgz. Extracting by manifest.
635 silly tarball no local data for @supabase/supabase-js@https://registry.npmjs.org/@supabase/supabase-js/-/supabase-js-2.76.1.tgz. Extracting by manifest.
636 silly tarball no local data for @mui/icons-material@https://registry.npmjs.org/@mui/icons-material/-/icons-material-7.3.4.tgz. Extracting by manifest.
637 silly tarball no local data for @emotion/react@https://registry.npmjs.org/@emotion/react/-/react-11.14.0.tgz. Extracting by manifest.
638 silly tarball no local data for @emotion/styled@https://registry.npmjs.org/@emotion/styled/-/styled-11.14.1.tgz. Extracting by manifest.
639 silly tarball no local data for @mui/material@https://registry.npmjs.org/@mui/material/-/material-7.3.4.tgz. Extracting by manifest.
640 silly tarball no local data for react-is@https://registry.npmjs.org/react-is/-/react-is-19.2.0.tgz. Extracting by manifest.
641 silly tarball no local data for convert-source-map@https://registry.npmjs.org/convert-source-map/-/convert-source-map-1.9.0.tgz. Extracting by manifest.
642 silly tarball no local data for @napi-rs/wasm-runtime@https://registry.npmjs.org/@napi-rs/wasm-runtime/-/wasm-runtime-0.2.12.tgz. Extracting by manifest.
643 silly tarball no local data for @emnapi/core@https://registry.npmjs.org/@emnapi/core/-/core-1.6.0.tgz. Extracting by manifest.
644 silly tarball no local data for @tybys/wasm-util@https://registry.npmjs.org/@tybys/wasm-util/-/wasm-util-0.10.1.tgz. Extracting by manifest.
645 silly tarball no local data for react-is@https://registry.npmjs.org/react-is/-/react-is-19.2.0.tgz. Extracting by manifest.
646 silly tarball no local data for @emnapi/wasi-threads@https://registry.npmjs.org/@emnapi/wasi-threads/-/wasi-threads-1.1.0.tgz. Extracting by manifest.
647 http fetch GET 200 https://registry.npmjs.org/webidl-conversions/-/webidl-conversions-3.0.1.tgz 63ms (cache miss)
648 http fetch GET 200 https://registry.npmjs.org/dequal/-/dequal-2.0.3.tgz 63ms (cache miss)
649 http fetch GET 200 https://registry.npmjs.org/json-parse-even-better-errors/-/json-parse-even-better-errors-2.3.1.tgz 65ms (cache miss)
650 http fetch GET 200 https://registry.npmjs.org/use-sync-external-store/-/use-sync-external-store-1.6.0.tgz 66ms (cache miss)
651 http fetch GET 200 https://registry.npmjs.org/tr46/-/tr46-0.0.3.tgz 67ms (cache miss)
652 http fetch GET 200 https://registry.npmjs.org/dom-helpers/-/dom-helpers-5.2.1.tgz 102ms (cache miss)
653 http fetch GET 200 https://registry.npmjs.org/whatwg-url/-/whatwg-url-5.0.0.tgz 115ms (cache miss)
654 http fetch GET 200 https://registry.npmjs.org/ws/-/ws-8.18.3.tgz 119ms (cache miss)
655 http fetch GET 200 https://registry.npmjs.org/@types/ws/-/ws-8.18.1.tgz 130ms (cache miss)
656 http fetch POST 200 https://registry.npmjs.org/-/npm/v1/security/advisories/bulk 148ms
657 silly audit report {}
658 http fetch GET 200 https://registry.npmjs.org/@supabase/realtime-js/-/realtime-js-2.76.1.tgz 160ms (cache miss)
659 http fetch GET 200 https://registry.npmjs.org/@supabase/postgrest-js/-/postgrest-js-2.76.1.tgz 165ms (cache miss)
660 http fetch GET 200 https://registry.npmjs.org/@supabase/node-fetch/-/node-fetch-2.6.15.tgz 171ms (cache miss)
661 http fetch GET 200 https://registry.npmjs.org/@supabase/storage-js/-/storage-js-2.76.1.tgz 174ms (cache miss)
662 http fetch GET 200 https://registry.npmjs.org/@types/phoenix/-/phoenix-1.6.6.tgz 176ms (cache miss)
663 http fetch GET 200 https://registry.npmjs.org/error-ex/-/error-ex-1.3.4.tgz 180ms (cache miss)
664 http fetch GET 200 https://registry.npmjs.org/parse-json/-/parse-json-5.2.0.tgz 192ms (cache miss)
665 http fetch GET 200 https://registry.npmjs.org/@types/prop-types/-/prop-types-15.7.15.tgz 191ms (cache miss)
666 http fetch GET 200 https://registry.npmjs.org/lines-and-columns/-/lines-and-columns-1.2.4.tgz 193ms (cache miss)
667 http fetch GET 200 https://registry.npmjs.org/path-type/-/path-type-4.0.0.tgz 195ms (cache miss)
668 http fetch GET 200 https://registry.npmjs.org/react-transition-group/-/react-transition-group-4.4.5.tgz 195ms (cache miss)
669 http fetch GET 200 https://registry.npmjs.org/clsx/-/clsx-2.1.1.tgz 211ms (cache miss)
670 http fetch GET 200 https://registry.npmjs.org/@mui/styled-engine/-/styled-engine-7.3.3.tgz 217ms (cache miss)
671 http fetch GET 200 https://registry.npmjs.org/is-arrayish/-/is-arrayish-0.2.1.tgz 220ms (cache miss)
672 http fetch GET 200 https://registry.npmjs.org/yaml/-/yaml-1.10.2.tgz 226ms (cache miss)
673 http fetch GET 200 https://registry.npmjs.org/@mui/private-theming/-/private-theming-7.3.3.tgz 229ms (cache miss)
674 http fetch GET 200 https://registry.npmjs.org/cosmiconfig/-/cosmiconfig-7.1.0.tgz 232ms (cache miss)
675 http fetch GET 200 https://registry.npmjs.org/@supabase/auth-js/-/auth-js-2.76.1.tgz 245ms (cache miss)
676 http fetch GET 200 https://registry.npmjs.org/@types/parse-json/-/parse-json-4.0.2.tgz 253ms (cache miss)
677 http fetch GET 200 https://registry.npmjs.org/@supabase/functions-js/-/functions-js-2.76.1.tgz 258ms (cache miss)
678 http fetch GET 200 https://registry.npmjs.org/@types/react-transition-group/-/react-transition-group-4.4.12.tgz 262ms (cache miss)
679 http fetch GET 200 https://registry.npmjs.org/stylis/-/stylis-4.2.0.tgz 262ms (cache miss)
680 http fetch GET 200 https://registry.npmjs.org/babel-plugin-macros/-/babel-plugin-macros-3.1.0.tgz 272ms (cache miss)
681 http fetch GET 200 https://registry.npmjs.org/@emotion/is-prop-valid/-/is-prop-valid-1.4.0.tgz 272ms (cache miss)
682 http fetch GET 200 https://registry.npmjs.org/@emotion/sheet/-/sheet-1.4.0.tgz 284ms (cache miss)
683 http fetch GET 200 https://registry.npmjs.org/@mui/types/-/types-7.4.7.tgz 294ms (cache miss)
684 http fetch GET 200 https://registry.npmjs.org/find-root/-/find-root-1.1.0.tgz 293ms (cache miss)
685 http fetch GET 200 https://registry.npmjs.org/@emotion/unitless/-/unitless-0.10.0.tgz 301ms (cache miss)
686 http fetch GET 200 https://registry.npmjs.org/@mui/core-downloads-tracker/-/core-downloads-tracker-7.3.4.tgz 301ms (cache miss)
687 http fetch GET 200 https://registry.npmjs.org/@emotion/weak-memoize/-/weak-memoize-0.4.0.tgz 325ms (cache miss)
688 http fetch GET 200 https://registry.npmjs.org/hoist-non-react-statics/-/hoist-non-react-statics-3.3.2.tgz 327ms (cache miss)
689 http fetch GET 200 https://registry.npmjs.org/@emotion/utils/-/utils-1.4.2.tgz 344ms (cache miss)
690 http fetch GET 200 https://registry.npmjs.org/source-map/-/source-map-0.5.7.tgz 346ms (cache miss)
691 http fetch GET 200 https://registry.npmjs.org/@emotion/babel-plugin/-/babel-plugin-11.13.5.tgz 351ms (cache miss)
692 http fetch GET 200 https://registry.npmjs.org/@emotion/serialize/-/serialize-1.3.3.tgz 356ms (cache miss)
693 http fetch GET 200 https://registry.npmjs.org/@emotion/memoize/-/memoize-0.9.0.tgz 359ms (cache miss)
694 http fetch GET 200 https://registry.npmjs.org/@emotion/use-insertion-effect-with-fallbacks/-/use-insertion-effect-with-fallbacks-1.2.0.tgz 362ms (cache miss)
695 http fetch GET 200 https://registry.npmjs.org/@emotion/hash/-/hash-0.9.2.tgz 365ms (cache miss)
696 http fetch GET 200 https://registry.npmjs.org/swr/-/swr-2.3.6.tgz 381ms (cache miss)
697 http fetch GET 200 https://registry.npmjs.org/react-is/-/react-is-19.2.0.tgz 392ms (cache miss)
698 http fetch GET 200 https://registry.npmjs.org/@popperjs/core/-/core-2.11.8.tgz 400ms (cache miss)
699 http fetch GET 200 https://registry.npmjs.org/convert-source-map/-/convert-source-map-1.9.0.tgz 400ms (cache miss)
700 http fetch GET 200 https://registry.npmjs.org/@mui/utils/-/utils-7.3.3.tgz 408ms (cache miss)
701 http fetch GET 200 https://registry.npmjs.org/react-is/-/react-is-19.2.0.tgz 406ms (cache miss)
702 http fetch GET 200 https://registry.npmjs.org/@supabase/supabase-js/-/supabase-js-2.76.1.tgz 413ms (cache miss)
703 http fetch GET 200 https://registry.npmjs.org/@emnapi/wasi-threads/-/wasi-threads-1.1.0.tgz 436ms (cache miss)
704 http fetch GET 200 https://registry.npmjs.org/@mui/system/-/system-7.3.3.tgz 444ms (cache miss)
705 http fetch GET 200 https://registry.npmjs.org/@babel/runtime/-/runtime-7.28.4.tgz 444ms (cache miss)
706 http fetch GET 200 https://registry.npmjs.org/@emotion/react/-/react-11.14.0.tgz 453ms (cache miss)
707 http fetch GET 200 https://registry.npmjs.org/@emotion/cache/-/cache-11.14.0.tgz 453ms (cache miss)
708 http fetch GET 200 https://registry.npmjs.org/@tybys/wasm-util/-/wasm-util-0.10.1.tgz 456ms (cache miss)
709 http fetch GET 200 https://registry.npmjs.org/@emotion/styled/-/styled-11.14.1.tgz 458ms (cache miss)
710 http fetch GET 200 https://registry.npmjs.org/@emnapi/core/-/core-1.6.0.tgz 461ms (cache miss)
711 http fetch GET 200 https://registry.npmjs.org/@napi-rs/wasm-runtime/-/wasm-runtime-0.2.12.tgz 521ms (cache miss)
712 http fetch GET 200 https://registry.npmjs.org/@mui/material/-/material-7.3.4.tgz 1032ms (cache miss)
713 http fetch GET 200 https://registry.npmjs.org/@mui/icons-material/-/icons-material-7.3.4.tgz 3895ms (cache miss)
714 silly ADD node_modules/webidl-conversions
715 silly ADD node_modules/tr46
716 silly ADD node_modules/use-sync-external-store
717 silly ADD node_modules/dequal
718 silly ADD node_modules/dom-helpers
719 silly ADD node_modules/is-arrayish
720 silly ADD node_modules/lines-and-columns
721 silly ADD node_modules/json-parse-even-better-errors
722 silly ADD node_modules/error-ex
723 silly ADD node_modules/yaml
724 silly ADD node_modules/path-type
725 silly ADD node_modules/parse-json
726 silly ADD node_modules/@types/parse-json
727 silly ADD node_modules/cosmiconfig
728 silly ADD node_modules/ws
729 silly ADD node_modules/@types/ws
730 silly ADD node_modules/@types/phoenix
731 silly ADD node_modules/whatwg-url
732 silly ADD node_modules/@supabase/storage-js
733 silly ADD node_modules/@supabase/realtime-js
734 silly ADD node_modules/@supabase/postgrest-js
735 silly ADD node_modules/@supabase/node-fetch
736 silly ADD node_modules/@supabase/functions-js
737 silly ADD node_modules/@supabase/auth-js
738 silly ADD node_modules/@types/prop-types
739 silly ADD node_modules/@mui/styled-engine
740 silly ADD node_modules/@mui/private-theming
741 silly ADD node_modules/react-transition-group
742 silly ADD node_modules/clsx
743 silly ADD node_modules/@types/react-transition-group
744 silly ADD node_modules/@popperjs/core
745 silly ADD node_modules/@mui/utils
746 silly ADD node_modules/@mui/utils/node_modules/react-is
747 silly ADD node_modules/@mui/types
748 silly ADD node_modules/@mui/system
749 silly ADD node_modules/@mui/core-downloads-tracker
750 silly ADD node_modules/@emotion/is-prop-valid
751 silly ADD node_modules/@emotion/unitless
752 silly ADD node_modules/@emotion/sheet
753 silly ADD node_modules/stylis
754 silly ADD node_modules/source-map
755 silly ADD node_modules/find-root
756 silly ADD node_modules/babel-plugin-macros
757 silly ADD node_modules/@emotion/memoize
758 silly ADD node_modules/@emotion/hash
759 silly ADD node_modules/hoist-non-react-statics
760 silly ADD node_modules/@emotion/weak-memoize
761 silly ADD node_modules/@emotion/utils
762 silly ADD node_modules/@emotion/use-insertion-effect-with-fallbacks
763 silly ADD node_modules/@emotion/serialize
764 silly ADD node_modules/@emotion/cache
765 silly ADD node_modules/@emotion/babel-plugin
766 silly ADD node_modules/@emotion/babel-plugin/node_modules/convert-source-map
767 silly ADD node_modules/@babel/runtime
768 silly ADD node_modules/swr
769 silly ADD node_modules/@supabase/supabase-js
770 silly ADD node_modules/@mui/material
771 silly ADD node_modules/@mui/material/node_modules/react-is
772 silly ADD node_modules/@mui/icons-material
773 silly ADD node_modules/@emotion/styled
774 silly ADD node_modules/@emotion/react
775 silly ADD
776 silly ADD
777 silly ADD
778 silly ADD
779 silly ADD
780 silly ADD
781 silly ADD
782 silly ADD
783 silly ADD
784 silly ADD
785 silly ADD
786 silly ADD
787 silly ADD
788 silly ADD
789 silly ADD
790 silly ADD
791 silly ADD
792 silly ADD
793 silly ADD
794 silly ADD
795 silly ADD
796 silly ADD
797 silly ADD
798 silly ADD
799 silly ADD
800 silly ADD
801 silly ADD
802 silly ADD
803 silly ADD
804 silly ADD
805 silly ADD
806 silly ADD
807 silly ADD
808 silly ADD
809 silly ADD
810 silly ADD
811 silly ADD
812 silly ADD
813 silly ADD
814 silly ADD
815 silly ADD
816 silly ADD
817 silly ADD
818 silly ADD
819 silly ADD
820 silly ADD
821 silly ADD
822 silly ADD
823 silly ADD
824 verbose cwd /Users/gc/pent_up/unsent
825 verbose os Darwin 23.3.0
826 verbose node v23.7.0
827 verbose npm  v10.9.2
828 notice
828 notice New major version of npm available! 10.9.2 -> 11.6.2
828 notice Changelog: https://github.com/npm/cli/releases/tag/v11.6.2
828 notice To update run: npm install -g npm@11.6.2
828 notice  { force: true, [Symbol(proc-log.meta)]: true }
829 verbose exit 0
830 info ok
